// Log of Currently Installed WeiDU Mods
// The top of the file is the 'oldest' mod
// ~TP2_File~ #language_number #component_number // [Subcomponent Name -> ] Component Name [ : Version]
~ASCENSION/SETUP-ASCENSION.TP2~ #0 #0 // Ascension v1.41 (requires ToB)
~ASCENSION/SETUP-ASCENSION.TP2~ #0 #1 // Tougher Abazigal (optional, requires ToB)
~ASCENSION/SETUP-ASCENSION.TP2~ #0 #2 // Original Tougher Demogorgon (optional, requires ToB)
~ASCENSION/SETUP-ASCENSION.TP2~ #0 #3 // Tougher Gromnir (optional, requires ToB)
~ASCENSION/SETUP-ASCENSION.TP2~ #0 #4 // Tougher Illasera (optional, requires ToB)
~ASCENSION/SETUP-ASCENSION.TP2~ #0 #5 // Tougher Yaga-Shura (optional, requires ToB)
~TOBEX/TOBEX.TP2~ #0 #100 // TobEx - Core: Beta 0025
~TOBEX/TOBEX.TP2~ #0 #101 // Apply Concentration Check On Damage [WIP]: Beta 0025
~TOBEX/TOBEX.TP2~ #0 #102 // Awaken On Damage: Beta 0025
~TOBEX/TOBEX.TP2~ #0 #103 // Blindness As Spell Description: Beta 0025
~TOBEX/TOBEX.TP2~ #0 #105 // No Spell Interruption On Zero Damage: Beta 0025
~TOBEX/TOBEX.TP2~ #0 #106 // Use Caster Level On Mirror Image [C]: Beta 0025
~TOBEX/TOBEX.TP2~ #0 #107 // Allow All Races to Dual Class: Beta 0025
~TOBEX/TOBEX.TP2~ #0 #109 // Disable Experience Boost: Beta 0025
~TOBEX/TOBEX.TP2~ #0 #110 // Disable Force Inventory Pause: Beta 0025
~TOBEX/TOBEX.TP2~ #0 #111 // Disable Silence On Charm: Beta 0025
~TOBEX/TOBEX.TP2~ #0 #113 // Remain Hidden On Pickpocket Success [C]: Beta 0025
~TOBEX/TOBEX.TP2~ #0 #114 // Rest Spawns Advance Time: Beta 0025
~TOBEX/TOBEX.TP2~ #0 #115 // Dialogue Greeting Subtitles: Beta 0025
~TOBEX/TOBEX.TP2~ #0 #116 // Enable Animation Attack Sounds: Beta 0025
~TOBEX/TOBEX.TP2~ #0 #117 // Universal Four Inventory Weapon Slots: Beta 0025
~TOBEX/TOBEX.TP2~ #0 #118 // Subtitles For Standard Soundsets: Beta 0025
~TOBEX/TOBEX.TP2~ #0 #119 // Remove all race-class restrictions: Beta 0025
~TOBEX/TOBEX.TP2~ #0 #120 // Drop Inventory on Disintegrate: Beta 0025
~TOBEX/TOBEX.TP2~ #0 #121 // Drop Inventory on Frozen Death: Beta 0025
~TOBEX/TOBEX.TP2~ #0 #122 // Drop Inventory on Stone Death: Beta 0025
~TOBEX/TOBEX.TP2~ #0 #124 // Make All Attack Animations Genuine Attacks: Beta 0025
~BG2FIXPACK/SETUP-BG2FIXPACK.TP2~ #0 #0 // BG2 Fixpack - Core Fixes: v10
~BG2FIXPACK/SETUP-BG2FIXPACK.TP2~ #0 #1000 // BG2 Fixpack - Game Text Update -> GTU Light (by Wisp): v10
~BG2FIXPACK/SETUP-BG2FIXPACK.TP2~ #0 #3 // BETA Core Fixes (please check the readme!): v10
~BG2FIXPACK/SETUP-BG2FIXPACK.TP2~ #0 #100 // Party Gets XP for Sending Keldorn to Reconcile With Maria: v10
~BG2FIXPACK/SETUP-BG2FIXPACK.TP2~ #0 #101 // Improved Spell Animations: v10
~BG2FIXPACK/SETUP-BG2FIXPACK.TP2~ #0 #103 // Mixed-Use Dagger Fixes: v10
~BG2FIXPACK/SETUP-BG2FIXPACK.TP2~ #0 #104 // Ghreyfain's Holy Symbol Fixes: v10
~BG2FIXPACK/SETUP-BG2FIXPACK.TP2~ #0 #106 // Giants Receive Penalties When Attacking Halflings,   Dwarves, and Gnomes: v10
~BG2FIXPACK/SETUP-BG2FIXPACK.TP2~ #0 #107 // Remove Dual-Classing Restriction from Archers   and Stalkers: v10
~BG2FIXPACK/SETUP-BG2FIXPACK.TP2~ #0 #110 // Additional Script Fixes: v10
~BG2FIXPACK/SETUP-BG2FIXPACK.TP2~ #0 #111 // Bard Song Fixes: v10
~BG2FIXPACK/SETUP-BG2FIXPACK.TP2~ #0 #112 // Wizard Slayers Cause Miscast Magic on Ranged Attacks: v10
~BG2FIXPACK/SETUP-BG2FIXPACK.TP2~ #0 #113 // Additional Alignment Fixes: v10
~BG2FIXPACK/SETUP-BG2FIXPACK.TP2~ #0 #114 // Change Free Action to Protect Against Stun: v10
~BG2FIXPACK/SETUP-BG2FIXPACK.TP2~ #0 #115 // Paws from Shapeshifting Can Not Be Dispelled: v10
~SETUP-BGT.TP2~ #0 #0 // Baldur's Gate Trilogy - Core: 1.18 (28 Apr 13)
~SETUP-GUI.TP2~ #0 #2 // Game Graphical User Interface (GUI) -> "Baldur's Gate Trilogy" (Elminster wielding staff)
~THALAN/THALAN.TP2~ #0 #0 // Thalantyr - Item Upgrade: v4.2.1
~ITEM_REV/ITEM_REV.TP2~ #0 #0 // Item Revisions by Demivrgvs: V4 Beta 9
~ITEM_REV/ITEM_REV.TP2~ #0 #1030 // Store Revisions: V4 Beta 9
~ITEM_REV/ITEM_REV.TP2~ #0 #1101 // Allow Thieving Skills in Armor -> Stealth is Penalized by Armor and Shields: V4 Beta 9
~ITEM_REV/ITEM_REV.TP2~ #0 #12 // Items of Protection Can Be Worn with Magical Armor: V4 Beta 9
~ITEM_REV/ITEM_REV.TP2~ #0 #1090 // Remove Weapon Restrictions from Multi-classed Divine Spellcasters -> Clerics Only: V4 Beta 9
~ITEM_REV/ITEM_REV.TP2~ #0 #15 // PnP Equipment for Druids -> Druids Only: V4 Beta 9
~ITEM_REV/ITEM_REV.TP2~ #0 #1060 // Kensai Can Wear Bracers: V4 Beta 9
~ITEM_REV/ITEM_REV.TP2~ #0 #1070 // Thieves Can Use Wands: V4 Beta 9
~WHEELS/SETUP-WHEELS.TP2~ #0 #0 // The Wheels of Prophecy: v6
~QUESTPACK/SETUP-QUESTPACK.TP2~ #0 #1 // Creature & Area Improvements -> All Creature & Area Improvements: v3.1
~QUESTPACK/SETUP-QUESTPACK.TP2~ #0 #4 // Miscellaneous Enhancements -> With Additional Random Encounters: v3.1
~QUESTPACK/SETUP-QUESTPACK.TP2~ #0 #5 // Additional Shadow Thieves Content: v3.1
~QUESTPACK/SETUP-QUESTPACK.TP2~ #0 #6 // Alternative Harper/Xzar Plot: v3.1
~QUESTPACK/SETUP-QUESTPACK.TP2~ #0 #7 // Extended Reynald Sequence: v3.1
~QUESTPACK/SETUP-QUESTPACK.TP2~ #0 #8 // Intrigue In The Copper Coronet: v3.1
~QUESTPACK/SETUP-QUESTPACK.TP2~ #0 #9 // Rahul Kanakia's Potion Quest: v3.1
~QUESTPACK/SETUP-QUESTPACK.TP2~ #0 #10 // Revised Hell Trials: v3.1
~QUESTPACK/SETUP-QUESTPACK.TP2~ #0 #11 // Improved Oasis II -> IO2 Dialogue & Combat Enhancement: v3.1
~QUESTPACK/SETUP-QUESTPACK.TP2~ #0 #13 // Saving Sanik In Brynnlaw: v3.1
~QUESTPACK/SETUP-QUESTPACK.TP2~ #0 #14 // Burglary Of The Bookkeeper: v3.1
~QUESTPACK/SETUP-QUESTPACK.TP2~ #0 #15 // New Fate For The Dryads' Acorns: v3.1
~QUESTPACK/SETUP-QUESTPACK.TP2~ #0 #16 // The Tragedy Of Besamen: v3.1
~QUESTPACK/SETUP-QUESTPACK.TP2~ #0 #17 // Further Slaver Involvement: v3.1
~QUESTPACK/SETUP-QUESTPACK.TP2~ #0 #18 // Sending The Solamnic Knights Home: v3.1
~QUESTPACK/SETUP-QUESTPACK.TP2~ #0 #19 // Nazariel The Lich: v3.1
~QUESTPACK/SETUP-QUESTPACK.TP2~ #0 #20 // Reward Negotiation: v3.1
~QUESTPACK/SETUP-QUESTPACK.TP2~ #0 #21 // Infernal Thievery: v3.1
~SILVER_STAFF_OF_AULE/SILVER_STAFF_OF_AULE.TP2~ #0 #0 // Silver Staff of Aule: v9.1
~SILVER_STAFF_OF_AULE/SILVER_STAFF_OF_AULE.TP2~ #0 #2 // Alternate Icons -> Icon N.2 by CrevsDaak: v9.1
~SETUP-NPC_STRONGHOLDS.TP2~ #0 #0 // NPC Strongholds: v2
~POLYTWEAK/POLYTWEAK.TP2~ #0 #50 // PnP mind flayer attacks: v2.00
~POLYTWEAK/POLYTWEAK.TP2~ #0 #70 // Improved Umberhulks: v2.00
~POLYTWEAK/POLYTWEAK.TP2~ #0 #83 // Improved Minotaurs: v2.00
~POLYTWEAK/POLYTWEAK.TP2~ #0 #97 // Related Weapon Proficiencies -> Related Weapon Proficiencies including clubs: v2.00
~CELESTIALS/SETUP-CELESTIALS.TP2~ #0 #0 // PnP Celestials: v6
~IWDIFICATION/SETUP-IWDIFICATION.TP2~ #0 #20 // Commoners Use Drab Colors: Beta 2
~IWDIFICATION/SETUP-IWDIFICATION.TP2~ #0 #50 // IWD Bard Song: Beta 2
~DIVINE_REMIX/SETUP-DIVINE_REMIX.TP2~ #0 #100 // Cleric Remix: v8
~DIVINE_REMIX/SETUP-DIVINE_REMIX.TP2~ #0 #103 // Install Silverstar of Selune Cleric Kit: v8
~DIVINE_REMIX/SETUP-DIVINE_REMIX.TP2~ #0 #106 // Install Nightcloak of Shar Cleric Kit: v8
~DIVINE_REMIX/SETUP-DIVINE_REMIX.TP2~ #0 #107 // Install Holy Strategist of the Red Knight Cleric Kit: v8
~DIVINE_REMIX/SETUP-DIVINE_REMIX.TP2~ #0 #109 // Install Battleguard of Tempus Cleric Kit: v8
~DIVINE_REMIX/SETUP-DIVINE_REMIX.TP2~ #0 #112 // Install Painbearer of Ilmater Cleric Kit: v8
~DIVINE_REMIX/SETUP-DIVINE_REMIX.TP2~ #0 #115 // Install Firewalker of Kossuth Cleric Kit: v8
~DIVINE_REMIX/SETUP-DIVINE_REMIX.TP2~ #0 #118 // Install Authlim of Iyachtu Xvim Cleric Kit: v8
~DIVINE_REMIX/SETUP-DIVINE_REMIX.TP2~ #0 #121 // Install Lorekeeper of Oghma Cleric Kit: v8
~DIVINE_REMIX/SETUP-DIVINE_REMIX.TP2~ #0 #124 // Install Heartwarder of Sune Cleric Kit: v8
~DIVINE_REMIX/SETUP-DIVINE_REMIX.TP2~ #0 #127 // Install Feywarden of Corellon Cleric Kit: v8
~DIVINE_REMIX/SETUP-DIVINE_REMIX.TP2~ #0 #130 // Install Strifeleader of Cyric Cleric Kit: v8
~DIVINE_REMIX/SETUP-DIVINE_REMIX.TP2~ #0 #200 // Druid Remix: v8
~DIVINE_REMIX/SETUP-DIVINE_REMIX.TP2~ #0 #203 // Install Oozemaster Druid kit: v8
~DIVINE_REMIX/SETUP-DIVINE_REMIX.TP2~ #0 #406 // Install Feralan Ranger Kit: v8
~DIVINE_REMIX/SETUP-DIVINE_REMIX.TP2~ #0 #409 // Install Forest Runner Ranger Kit: v8
~DIVINE_REMIX/SETUP-DIVINE_REMIX.TP2~ #0 #412 // Install Justifier Ranger Kit: v8
~DIVINE_REMIX/SETUP-DIVINE_REMIX.TP2~ #0 #415 // Install Wilderness Runner Ranger Kit: v8
~SONG_AND_SILENCE/SETUP-SONG_AND_SILENCE.TP2~ #0 #0 // Changes to trueclass bards and thieves, and unmodded game kits (required for other components): v6
~SONG_AND_SILENCE/SETUP-SONG_AND_SILENCE.TP2~ #0 #1 // Add new bardic store and thief items: v6
~SONG_AND_SILENCE/SETUP-SONG_AND_SILENCE.TP2~ #0 #2 // Install Acrobat bard kit: v6
~SONG_AND_SILENCE/SETUP-SONG_AND_SILENCE.TP2~ #0 #3 // Install Chorister bard kit: v6
~SONG_AND_SILENCE/SETUP-SONG_AND_SILENCE.TP2~ #0 #4 // Install Dirgesinger bard kit: v6
~SONG_AND_SILENCE/SETUP-SONG_AND_SILENCE.TP2~ #0 #5 // Install Gypsy bard kit: v6
~SONG_AND_SILENCE/SETUP-SONG_AND_SILENCE.TP2~ #0 #6 // Install Adventurer thief kit: v6
~SONG_AND_SILENCE/SETUP-SONG_AND_SILENCE.TP2~ #0 #7 // Install Burglar thief kit: v6
~SONG_AND_SILENCE/SETUP-SONG_AND_SILENCE.TP2~ #0 #8 // Install Soulknife thief kit: v6
~SONG_AND_SILENCE/SETUP-SONG_AND_SILENCE.TP2~ #0 #9 // Install Sharpshooter thief kit: v6
~SONG_AND_SILENCE/SETUP-SONG_AND_SILENCE.TP2~ #0 #10 // Install Shadowdancer thief kit: v6
~SWORD_AND_FIST/SETUP-SWORD_AND_FIST.TP2~ #0 #30 // Install Hexblade fighter kit: v7
~SWORD_AND_FIST/SETUP-SWORD_AND_FIST.TP2~ #0 #31 // Install Duelist fighter kit: v7
~SWORD_AND_FIST/SETUP-SWORD_AND_FIST.TP2~ #0 #32 // Install Fist of Order fighter kit: v7
~SWORD_AND_FIST/SETUP-SWORD_AND_FIST.TP2~ #0 #33 // Install Blackguard fighter kit: v7
~SWORD_AND_FIST/SETUP-SWORD_AND_FIST.TP2~ #0 #34 // Install Duskblade fighter kit (by ronin69hof, ronin69hof@gmail.com: v7
~RR/SETUP-RR.TP2~ #0 #0 // Proper dual-wielding implementation for Thieves and Bards: v4.80
~RR/SETUP-RR.TP2~ #0 #1 // Thief kit revisions: v4.80
~RR/SETUP-RR.TP2~ #0 #2 // Thief High Level Ability revisions: v4.80
~RR/SETUP-RR.TP2~ #0 #3 // Proper racial adjustments for thieving skills: v4.80
~RR/SETUP-RR.TP2~ #0 #4 // Bard kit revisions: v4.80
~RR/SETUP-RR.TP2~ #0 #5 // Bard High Level Ability revisions: v4.80
~RR/SETUP-RR.TP2~ #0 #6 // Proper spell progression for Bards: v4.80
~RR/SETUP-RR.TP2~ #0 #7 // Additional equipment for Thieves and Bards: v4.80
~RR/SETUP-RR.TP2~ #0 #8 // Upgradeable Equipment: v4.80
~RR/SETUP-RR.TP2~ #0 #9 // Revised Thievery -> Use PnP thievery potions and prevent their effects from stacking: v4.80
~RR/SETUP-RR.TP2~ #0 #11 // Chosen of Cyric encounter: v4.80
~RR/SETUP-RR.TP2~ #0 #12 // Shadow Thief Improvements: v4.80
~RR/SETUP-RR.TP2~ #0 #999 // BG2-style icons for RR content: v4.80
~SETUP-OVERSIGHT.TP2~ #0 #3 // Altered Spells: 13
~SETUP-OVERSIGHT.TP2~ #0 #4 // Improved Continuity: 13
~SETUP-OVERSIGHT.TP2~ #0 #5 // Cleric Kits: 13
~SETUP-OVERSIGHT.TP2~ #0 #6 // Monk High Level Abilities: 13
~SETUP-OVERSIGHT.TP2~ #0 #7 // Holy Liberator: 13
~WSR/SETUP-WSR.TP2~ #0 #100 // Wizard Slayer kit revision: v1.12
~WSR/SETUP-WSR.TP2~ #0 #200 // Wizard Slayer High Level Ability revision: v1.12
~WSR/SETUP-WSR.TP2~ #0 #302 // Revised Wizard Slayer item restrictions -> Moderate changes: v1.12
~WSR/SETUP-WSR.TP2~ #0 #999 // BG2-style icons for WSR content: v1.12
~NO-LOW-LVL.TP2~ #0 #100 // If a .cre with a PC class is < level 5, put it at a higher level: v1.1
~D0TWEAK/SETUP-D0TWEAK.TP2~ #0 #0 // Enhanced Goodberries: 23
~D0TWEAK/SETUP-D0TWEAK.TP2~ #0 #5 // Additional Racial Enemies: 23
~D0TWEAK/SETUP-D0TWEAK.TP2~ #0 #7 // PnP Celestial Fury: 23
~D0TWEAK/SETUP-D0TWEAK.TP2~ #0 #13 // Kensai Ryu's Restored Drow Innate Abilities: 23
~D0TWEAK/SETUP-D0TWEAK.TP2~ #0 #16 // Dream Flag: 23
~SPELL_REV/SETUP-SPELL_REV.TP2~ #0 #0 // Spell Revisions: v4 Beta 14
~SPELL_REV/SETUP-SPELL_REV.TP2~ #0 #10 // Deva and Planetar Animations: v4 Beta 14
~SPELL_REV/SETUP-SPELL_REV.TP2~ #0 #50 // Remove Disabled Spells from Spell Selection Screens: v4 Beta 14
~SPELL_REV/SETUP-SPELL_REV.TP2~ #0 #55 // Spell Deflection blocks AoE spells: v4 Beta 14
~SPELL_REV/SETUP-SPELL_REV.TP2~ #0 #60 // Update Spellbooks of Joinable NPCs: v4 Beta 14
~7C#SARTWEAK/7C#SARTWEAK.TP2~ #0 #250 // Give Sarevok a better weapon -> Give him a Two-Handed Sword +2: v1.2
~C7NOCHARM/C7NOCHARM.TP2~ #0 #1000 // Let Thalantyr build an Ioun Stone of Charm Protection: v1.0
~SETUP-LIGHTMAPS.TP2~ #1 #0 // Corrected lightmaps for BG TuTu/BGT/Baldur's Gate
~WANDCASE/WANDCASE.TP2~ #0 #0 // Wand Case: v1.3
~STRATAGEMS/SETUP-STRATAGEMS.TP2~ #0 #1000 // Initialise mod (all other components require this): v30 BWP fix + K4thos' EET compatibility + kreso's Spell Revisions compatibility
~STRATAGEMS/SETUP-STRATAGEMS.TP2~ #0 #1901 // Standardise spells: BG1 vs BG2 -> Introduce BG2 spell scrolls into BG1: v30 BWP fix + K4thos' EET compatibility + kreso's Spell Revisions compatibility
~STRATAGEMS/SETUP-STRATAGEMS.TP2~ #0 #2010 // More consistent Breach spell (always affects liches and rakshasas; doesn't penetrate Spell Turning): v30 BWP fix + K4thos' EET compatibility + kreso's Spell Revisions compatibility
~STRATAGEMS/SETUP-STRATAGEMS.TP2~ #0 #2110 // Reduce the power of Inquisitors' Dispel Magic -> Inquisitors dispel at 1.5 x their level (not twice their level): v30 BWP fix + K4thos' EET compatibility + kreso's Spell Revisions compatibility
~STRATAGEMS/SETUP-STRATAGEMS.TP2~ #0 #2160 // Add an extra copy of some hard-to-find spell scrolls: v30 BWP fix + K4thos' EET compatibility + kreso's Spell Revisions compatibility
~STRATAGEMS/SETUP-STRATAGEMS.TP2~ #0 #3010 // Replace +1 arrows with nonmagical "fine" ones: v30 BWP fix + K4thos' EET compatibility + kreso's Spell Revisions compatibility
~STRATAGEMS/SETUP-STRATAGEMS.TP2~ #0 #3030 // Re-introduce potions of extra-healing: v30 BWP fix + K4thos' EET compatibility + kreso's Spell Revisions compatibility
~STRATAGEMS/SETUP-STRATAGEMS.TP2~ #0 #3041 // Reduce the number of Arrows of Dispelling in stores -> Stores sell a maximum of 5 Arrows of Dispelling: v30 BWP fix + K4thos' EET compatibility + kreso's Spell Revisions compatibility
~STRATAGEMS/SETUP-STRATAGEMS.TP2~ #0 #4000 // Faster Bears: v30 BWP fix + K4thos' EET compatibility + kreso's Spell Revisions compatibility
~STRATAGEMS/SETUP-STRATAGEMS.TP2~ #0 #4010 // Grant large, flying, non-solid or similar creatures protection from Web and Entangle: v30 BWP fix + K4thos' EET compatibility + kreso's Spell Revisions compatibility
~STRATAGEMS/SETUP-STRATAGEMS.TP2~ #0 #4030 // Improved shapeshifting: v30 BWP fix + K4thos' EET compatibility + kreso's Spell Revisions compatibility
~STRATAGEMS/SETUP-STRATAGEMS.TP2~ #0 #4040 // Make party members less likely to die irreversibly: v30 BWP fix + K4thos' EET compatibility + kreso's Spell Revisions compatibility
~STRATAGEMS/SETUP-STRATAGEMS.TP2~ #0 #4051 // Decrease the rate at which reputation improves -> Reputation increases at about 1/2 the normal rate: v30 BWP fix + K4thos' EET compatibility + kreso's Spell Revisions compatibility
~STRATAGEMS/SETUP-STRATAGEMS.TP2~ #0 #4110 // Allow NPC pairs to separate: v30 BWP fix + K4thos' EET compatibility + kreso's Spell Revisions compatibility
~STRATAGEMS/SETUP-STRATAGEMS.TP2~ #0 #4120 // NPCs go to inns: v30 BWP fix + K4thos' EET compatibility + kreso's Spell Revisions compatibility
~STRATAGEMS/SETUP-STRATAGEMS.TP2~ #0 #4130 // Move NPCs to more convenient locations: v30 BWP fix + K4thos' EET compatibility + kreso's Spell Revisions compatibility
~STRATAGEMS/SETUP-STRATAGEMS.TP2~ #0 #4145 // Skip the Candlekeep tutorial sections -> Remove the tutorial NPCs from Candlekeep: v30 BWP fix + K4thos' EET compatibility + kreso's Spell Revisions compatibility
~STRATAGEMS/SETUP-STRATAGEMS.TP2~ #0 #4150 // Allow the Cowled Wizards to detect spellcasting in most indoor, above-ground areas in Athkatla: v30 BWP fix + K4thos' EET compatibility + kreso's Spell Revisions compatibility
~STRATAGEMS/SETUP-STRATAGEMS.TP2~ #0 #4160 // Increase the price of a license to practise magic in Athkatla -> License costs 10,000 gp: v30 BWP fix + K4thos' EET compatibility + kreso's Spell Revisions compatibility
~STRATAGEMS/SETUP-STRATAGEMS.TP2~ #0 #4174 // Increase the price asked by Gaelan Bayle -> Gaelan wants 120,000 gold pieces: v30 BWP fix + K4thos' EET compatibility + kreso's Spell Revisions compatibility
~STRATAGEMS/SETUP-STRATAGEMS.TP2~ #0 #4180 // Make Freedom scrolls available earlier: v30 BWP fix + K4thos' EET compatibility + kreso's Spell Revisions compatibility
~STRATAGEMS/SETUP-STRATAGEMS.TP2~ #0 #4200 // Retrieve Dropped Items from Hell: v30 BWP fix + K4thos' EET compatibility + kreso's Spell Revisions compatibility
~STRATAGEMS/SETUP-STRATAGEMS.TP2~ #0 #4210 // Randomise the maze in Watcher's Keep: v30 BWP fix + K4thos' EET compatibility + kreso's Spell Revisions compatibility
~STRATAGEMS/SETUP-STRATAGEMS.TP2~ #0 #4215 // Remove unrealistically helpful items from certain areas: v30 BWP fix + K4thos' EET compatibility + kreso's Spell Revisions compatibility
~STRATAGEMS/SETUP-STRATAGEMS.TP2~ #0 #4216 // Remove unrealistically convenient ammunition from certain areas -> Only remove nonmagical ammo from random containers: v30 BWP fix + K4thos' EET compatibility + kreso's Spell Revisions compatibility
~STRATAGEMS/SETUP-STRATAGEMS.TP2~ #0 #5010 // Move Boo into Minsc's pack: v30 BWP fix + K4thos' EET compatibility + kreso's Spell Revisions compatibility
~STRATAGEMS/SETUP-STRATAGEMS.TP2~ #0 #5050 // Stackable ankheg shells, winterwolf pelts and wyvern heads: v30 BWP fix + K4thos' EET compatibility + kreso's Spell Revisions compatibility
~STRATAGEMS/SETUP-STRATAGEMS.TP2~ #0 #5060 // Ensure Shar-Teel doesn't die in the original challenge: v30 BWP fix + K4thos' EET compatibility + kreso's Spell Revisions compatibility
~STRATAGEMS/SETUP-STRATAGEMS.TP2~ #0 #5900 // Initialise AI components (required for all tactical and AI components): v30 BWP fix + K4thos' EET compatibility + kreso's Spell Revisions compatibility
~STRATAGEMS/SETUP-STRATAGEMS.TP2~ #0 #6000 // Smarter general AI: v30 BWP fix + K4thos' EET compatibility + kreso's Spell Revisions compatibility
~STRATAGEMS/SETUP-STRATAGEMS.TP2~ #0 #6010 // Better calls for help: v30 BWP fix + K4thos' EET compatibility + kreso's Spell Revisions compatibility
~STRATAGEMS/SETUP-STRATAGEMS.TP2~ #0 #6023 // Add high-level abilities (HLAs) to spellcasters -> All eligible spellcasters in Throne of Bhaal get HLAs; only selected casters in Shadows of Amn do: v30 BWP fix + K4thos' EET compatibility + kreso's Spell Revisions compatibility
~STRATAGEMS/SETUP-STRATAGEMS.TP2~ #0 #6030 // Smarter Mages -> Mages cast some short-duration spells instantly at start of combat, to simulate pre-battle casting: v30 BWP fix + K4thos' EET compatibility + kreso's Spell Revisions compatibility
~STRATAGEMS/SETUP-STRATAGEMS.TP2~ #0 #6040 // Smarter Priests -> Priests cast some short-duration spells instantly at start of combat, to simulate pre-battle casting: v30 BWP fix + K4thos' EET compatibility + kreso's Spell Revisions compatibility
~STRATAGEMS/SETUP-STRATAGEMS.TP2~ #0 #6102 // Potions for NPCs -> Half the potions dropped by slain enemies break and are lost: v30 BWP fix + K4thos' EET compatibility + kreso's Spell Revisions compatibility
~STRATAGEMS/SETUP-STRATAGEMS.TP2~ #0 #6200 // Improved Spiders: v30 BWP fix + K4thos' EET compatibility + kreso's Spell Revisions compatibility
~STRATAGEMS/SETUP-STRATAGEMS.TP2~ #0 #6300 // Smarter sirines and dryads: v30 BWP fix + K4thos' EET compatibility + kreso's Spell Revisions compatibility
~STRATAGEMS/SETUP-STRATAGEMS.TP2~ #0 #6310 // Slightly harder carrion crawlers: v30 BWP fix + K4thos' EET compatibility + kreso's Spell Revisions compatibility
~STRATAGEMS/SETUP-STRATAGEMS.TP2~ #0 #6320 // Smarter basilisks: v30 BWP fix + K4thos' EET compatibility + kreso's Spell Revisions compatibility
~STRATAGEMS/SETUP-STRATAGEMS.TP2~ #0 #6500 // Improved golems: v30 BWP fix + K4thos' EET compatibility + kreso's Spell Revisions compatibility
~STRATAGEMS/SETUP-STRATAGEMS.TP2~ #0 #6510 // Improved fiends -> Fiends have about 50 percent more hit points than normal: v30 BWP fix + K4thos' EET compatibility + kreso's Spell Revisions compatibility
~STRATAGEMS/SETUP-STRATAGEMS.TP2~ #0 #6520 // Smarter genies -> Genies have about 50 percent more hit points than normal: v30 BWP fix + K4thos' EET compatibility + kreso's Spell Revisions compatibility
~STRATAGEMS/SETUP-STRATAGEMS.TP2~ #0 #6530 // Smarter celestials -> Celestials have about 50 percent more hit points than normal: v30 BWP fix + K4thos' EET compatibility + kreso's Spell Revisions compatibility
~STRATAGEMS/SETUP-STRATAGEMS.TP2~ #0 #6540 // Smarter dragons -> Dragons have a substantial hit point increase: v30 BWP fix + K4thos' EET compatibility + kreso's Spell Revisions compatibility
~STRATAGEMS/SETUP-STRATAGEMS.TP2~ #0 #6551 // Smarter beholders -> Don't give beholder rays any chance of burning through spell protections; beholder antimagic blocks all spells, including harmful ones, for a round (simulates D&D rules): v30 BWP fix + K4thos' EET compatibility + kreso's Spell Revisions compatibility
~STRATAGEMS/SETUP-STRATAGEMS.TP2~ #0 #6563 // Smarter mind flayers -> Illithids have enhanced damage resistance; Illithids cannot see invisible enemies: v30 BWP fix + K4thos' EET compatibility + kreso's Spell Revisions compatibility
~STRATAGEMS/SETUP-STRATAGEMS.TP2~ #0 #6570 // Smarter githyanki: v30 BWP fix + K4thos' EET compatibility + kreso's Spell Revisions compatibility
~STRATAGEMS/SETUP-STRATAGEMS.TP2~ #0 #6580 // Improved Vampires: v30 BWP fix + K4thos' EET compatibility + kreso's Spell Revisions compatibility
~STRATAGEMS/SETUP-STRATAGEMS.TP2~ #0 #6590 // Smarter Throne of Bhaal final villain: v30 BWP fix + K4thos' EET compatibility + kreso's Spell Revisions compatibility
~STRATAGEMS/SETUP-STRATAGEMS.TP2~ #0 #6800 // Smarter Illasera: v30 BWP fix + K4thos' EET compatibility + kreso's Spell Revisions compatibility
~STRATAGEMS/SETUP-STRATAGEMS.TP2~ #0 #6810 // Smarter Gromnir: v30 BWP fix + K4thos' EET compatibility + kreso's Spell Revisions compatibility
~STRATAGEMS/SETUP-STRATAGEMS.TP2~ #0 #6820 // Smarter Yaga-Shura: v30 BWP fix + K4thos' EET compatibility + kreso's Spell Revisions compatibility
~STRATAGEMS/SETUP-STRATAGEMS.TP2~ #0 #6830 // Smarter Abazigal: v30 BWP fix + K4thos' EET compatibility + kreso's Spell Revisions compatibility
~STRATAGEMS/SETUP-STRATAGEMS.TP2~ #0 #6840 // Give Ascension versions of Irenicus and Sendai SCS scripts and abilities: v30 BWP fix + K4thos' EET compatibility + kreso's Spell Revisions compatibility
~STRATAGEMS/SETUP-STRATAGEMS.TP2~ #0 #6850 // Give Ascension demons SCS scripts and abilities: v30 BWP fix + K4thos' EET compatibility + kreso's Spell Revisions compatibility
~STRATAGEMS/SETUP-STRATAGEMS.TP2~ #0 #7000 // Improved doppelgangers: v30 BWP fix + K4thos' EET compatibility + kreso's Spell Revisions compatibility
~STRATAGEMS/SETUP-STRATAGEMS.TP2~ #0 #7010 // Tougher Black Talons and Iron Throne guards: v30 BWP fix + K4thos' EET compatibility + kreso's Spell Revisions compatibility
~STRATAGEMS/SETUP-STRATAGEMS.TP2~ #0 #7020 // Improved deployment for parties of assassins: v30 BWP fix + K4thos' EET compatibility + kreso's Spell Revisions compatibility
~STRATAGEMS/SETUP-STRATAGEMS.TP2~ #0 #7030 // Dark Side-based kobold upgrade: v30 BWP fix + K4thos' EET compatibility + kreso's Spell Revisions compatibility
~STRATAGEMS/SETUP-STRATAGEMS.TP2~ #0 #7040 // Relocated bounty hunters: v30 BWP fix + K4thos' EET compatibility + kreso's Spell Revisions compatibility
~STRATAGEMS/SETUP-STRATAGEMS.TP2~ #0 #7050 // Improved Ulcaster: v30 BWP fix + K4thos' EET compatibility + kreso's Spell Revisions compatibility
~STRATAGEMS/SETUP-STRATAGEMS.TP2~ #0 #7060 // Improved Balduran's Isle: v30 BWP fix + K4thos' EET compatibility + kreso's Spell Revisions compatibility
~STRATAGEMS/SETUP-STRATAGEMS.TP2~ #0 #7070 // Improved Durlag's Tower: v30 BWP fix + K4thos' EET compatibility + kreso's Spell Revisions compatibility
~STRATAGEMS/SETUP-STRATAGEMS.TP2~ #0 #7080 // Improved Demon Cultists: v30 BWP fix + K4thos' EET compatibility + kreso's Spell Revisions compatibility
~STRATAGEMS/SETUP-STRATAGEMS.TP2~ #0 #7090 // Improved Cloakwood Druids: v30 BWP fix + K4thos' EET compatibility + kreso's Spell Revisions compatibility
~STRATAGEMS/SETUP-STRATAGEMS.TP2~ #0 #7100 // Improved Bassilus: v30 BWP fix + K4thos' EET compatibility + kreso's Spell Revisions compatibility
~STRATAGEMS/SETUP-STRATAGEMS.TP2~ #0 #7110 // Improved Drasus party: v30 BWP fix + K4thos' EET compatibility + kreso's Spell Revisions compatibility
~STRATAGEMS/SETUP-STRATAGEMS.TP2~ #0 #7130 // Improved Red Wizards: v30 BWP fix + K4thos' EET compatibility + kreso's Spell Revisions compatibility
~STRATAGEMS/SETUP-STRATAGEMS.TP2~ #0 #7140 // Improved Undercity party: v30 BWP fix + K4thos' EET compatibility + kreso's Spell Revisions compatibility
~STRATAGEMS/SETUP-STRATAGEMS.TP2~ #0 #7200 // Tougher chapter-two end battle: v30 BWP fix + K4thos' EET compatibility + kreso's Spell Revisions compatibility
~STRATAGEMS/SETUP-STRATAGEMS.TP2~ #0 #7210 // Tougher chapter-three end battle: v30 BWP fix + K4thos' EET compatibility + kreso's Spell Revisions compatibility
~STRATAGEMS/SETUP-STRATAGEMS.TP2~ #0 #7220 // Tougher chapter-four end battle: v30 BWP fix + K4thos' EET compatibility + kreso's Spell Revisions compatibility
~STRATAGEMS/SETUP-STRATAGEMS.TP2~ #0 #7230 // Tougher chapter-five end battle: v30 BWP fix + K4thos' EET compatibility + kreso's Spell Revisions compatibility
~STRATAGEMS/SETUP-STRATAGEMS.TP2~ #0 #7250 // Improved final battle: v30 BWP fix + K4thos' EET compatibility + kreso's Spell Revisions compatibility
~STRATAGEMS/SETUP-STRATAGEMS.TP2~ #0 #7900 // Improved minor encounters: v30 BWP fix + K4thos' EET compatibility + kreso's Spell Revisions compatibility
~STRATAGEMS/SETUP-STRATAGEMS.TP2~ #0 #8000 // Make the starting dungeon slightly harder: v30 BWP fix + K4thos' EET compatibility + kreso's Spell Revisions compatibility
~STRATAGEMS/SETUP-STRATAGEMS.TP2~ #0 #8010 // Improved Shade Lord: v30 BWP fix + K4thos' EET compatibility + kreso's Spell Revisions compatibility
~STRATAGEMS/SETUP-STRATAGEMS.TP2~ #0 #8020 // Spellcasting Demiliches: v30 BWP fix + K4thos' EET compatibility + kreso's Spell Revisions compatibility
~STRATAGEMS/SETUP-STRATAGEMS.TP2~ #0 #8030 // More resilient trolls: v30 BWP fix + K4thos' EET compatibility + kreso's Spell Revisions compatibility
~STRATAGEMS/SETUP-STRATAGEMS.TP2~ #0 #8042 // Increase difficulty of level-dependent monster groupings -> Almost-maximum difficulty (maximum for everything except liches): v30 BWP fix + K4thos' EET compatibility + kreso's Spell Revisions compatibility
~STRATAGEMS/SETUP-STRATAGEMS.TP2~ #0 #8050 // Improved Random Encounters: v30 BWP fix + K4thos' EET compatibility + kreso's Spell Revisions compatibility
~STRATAGEMS/SETUP-STRATAGEMS.TP2~ #0 #8061 // Improved de'Arnise Keep ("Tactics Remix") -> Enhanced spirit trolls (as in Tactics): v30 BWP fix + K4thos' EET compatibility + kreso's Spell Revisions compatibility
~STRATAGEMS/SETUP-STRATAGEMS.TP2~ #0 #8070 // Improved Unseeing Eye: v30 BWP fix + K4thos' EET compatibility + kreso's Spell Revisions compatibility
~STRATAGEMS/SETUP-STRATAGEMS.TP2~ #0 #8080 // Improved Bodhi (Tactics Remix) -> "Toned-down" version of the original Tactics Improved Bodhi, with SCSII scripting: v30 BWP fix + K4thos' EET compatibility + kreso's Spell Revisions compatibility
~STRATAGEMS/SETUP-STRATAGEMS.TP2~ #0 #8090 // Party's items are taken from them in Spellhold: v30 BWP fix + K4thos' EET compatibility + kreso's Spell Revisions compatibility
~STRATAGEMS/SETUP-STRATAGEMS.TP2~ #0 #8100 // Improved battle with Irenicus in Spellhold: v30 BWP fix + K4thos' EET compatibility + kreso's Spell Revisions compatibility
~STRATAGEMS/SETUP-STRATAGEMS.TP2~ #0 #8110 // Improved Sahuagin: v30 BWP fix + K4thos' EET compatibility + kreso's Spell Revisions compatibility
~STRATAGEMS/SETUP-STRATAGEMS.TP2~ #0 #8120 // Improved Beholder hive (adapted from Quest Pack): v30 BWP fix + K4thos' EET compatibility + kreso's Spell Revisions compatibility
~STRATAGEMS/SETUP-STRATAGEMS.TP2~ #0 #8140 // Slightly Improved Drow -> Upgrade Ust Natha's defences: v30 BWP fix + K4thos' EET compatibility + kreso's Spell Revisions compatibility
~STRATAGEMS/SETUP-STRATAGEMS.TP2~ #0 #8150 // Slightly Improved Watcher's Keep: v30 BWP fix + K4thos' EET compatibility + kreso's Spell Revisions compatibility
~STRATAGEMS/SETUP-STRATAGEMS.TP2~ #0 #8160 // Improved Fire Giant temple: v30 BWP fix + K4thos' EET compatibility + kreso's Spell Revisions compatibility
~STRATAGEMS/SETUP-STRATAGEMS.TP2~ #0 #8170 // Enhanced Sendai's Enclave: v30 BWP fix + K4thos' EET compatibility + kreso's Spell Revisions compatibility
~STRATAGEMS/SETUP-STRATAGEMS.TP2~ #0 #8190 // Improved Minor Encounters: v30 BWP fix + K4thos' EET compatibility + kreso's Spell Revisions compatibility
~POLYTWEAK/POLYTWEAK.TP2~ #0 #60 // Improved (less buggy) trolls: v2.00
~STRATAGEMS/SETUP-STRATAGEMS.TP2~ #0 #8180 // Improved Abazigal's Lair: v30 BWP fix + K4thos' EET compatibility + kreso's Spell Revisions compatibility
~POLYTWEAK/POLYTWEAK.TP2~ #0 #80 // Improved Yuan-Ti: v2.00
~POLYTWEAK/POLYTWEAK.TP2~ #0 #85 // Corrected Vampire Stats: v2.00
~CDTWEAKS/SETUP-CDTWEAKS.TP2~ #0 #10 // Remove Helmet Animations: Beta 5
~CDTWEAKS/SETUP-CDTWEAKS.TP2~ #0 #60 // Weapon Animation Tweaks: Beta 5
~CDTWEAKS/SETUP-CDTWEAKS.TP2~ #0 #130 // Force All Dialogue to Pause Game: Beta 5
~CDTWEAKS/SETUP-CDTWEAKS.TP2~ #0 #140 // Fix Boo's Squeak: Beta 5
~CDTWEAKS/SETUP-CDTWEAKS.TP2~ #0 #160 // Make Magic Shields Glow (plainab/grogerson): Beta 5
~CDTWEAKS/SETUP-CDTWEAKS.TP2~ #0 #195 // Use Character Colors Instead of Item Colors -> For non-magical shields: Beta 5
~CDTWEAKS/SETUP-CDTWEAKS.TP2~ #0 #1010 // More Interjections: Beta 5
~CDTWEAKS/SETUP-CDTWEAKS.TP2~ #0 #1020 // Alter HP Triggers for NPC Wounded Dialogues: Beta 5
~CDTWEAKS/SETUP-CDTWEAKS.TP2~ #0 #1030 // Reveal Wilderness Areas Before Chapter Six: Beta 5
~CDTWEAKS/SETUP-CDTWEAKS.TP2~ #0 #1035 // Make Cloakwood Areas Available Before Completing the Bandit Camp -> First Area Only: Beta 5
~CDTWEAKS/SETUP-CDTWEAKS.TP2~ #0 #1040 // Improved Athkatlan City Guard: Beta 5
~CDTWEAKS/SETUP-CDTWEAKS.TP2~ #0 #1070 // Improved Multi-Player Kick-out Dialogues: Beta 5
~CDTWEAKS/SETUP-CDTWEAKS.TP2~ #0 #1090 // Exotic Item Pack: Beta 5
~CDTWEAKS/SETUP-CDTWEAKS.TP2~ #0 #1130 // Reputation Resets in BG2 (BGT Only): Beta 5
~CDTWEAKS/SETUP-CDTWEAKS.TP2~ #0 #1161 // Multiple Strongholds (Baldurdash) -> Keep Class Restrictions: Beta 5
~CDTWEAKS/SETUP-CDTWEAKS.TP2~ #0 #1170 // Bonus Merchants (Baldurdash): Beta 5
~CDTWEAKS/SETUP-CDTWEAKS.TP2~ #0 #1180 // Female Edwina: Beta 5
~CDTWEAKS/SETUP-CDTWEAKS.TP2~ #0 #1220 // Allow Cromwell to Upgrade Watcher's Keep Items: Beta 5
~CDTWEAKS/SETUP-CDTWEAKS.TP2~ #0 #1230 // Allow Cespenar to Use Cromwell Recipes: Beta 5
~CDTWEAKS/SETUP-CDTWEAKS.TP2~ #0 #2090 // Change Experience Point Cap -> Remove Experience Cap: Beta 5
~CDTWEAKS/SETUP-CDTWEAKS.TP2~ #0 #2140 // Expanded Dual-Class Options: Beta 5
~CDTWEAKS/SETUP-CDTWEAKS.TP2~ #0 #2220 // Change Magically Created Weapons to Zero Weight: Beta 5
~CDTWEAKS/SETUP-CDTWEAKS.TP2~ #0 #2240 // Un-Nerfed THAC0 Table: Beta 5
~CDTWEAKS/SETUP-CDTWEAKS.TP2~ #0 #2250 // Un-Nerfed Sorcerer Spell Progression Table: Beta 5
~CDTWEAKS/SETUP-CDTWEAKS.TP2~ #0 #2261 // Alter Mage Spell Progression Table -> PnP Table: Beta 5
~CDTWEAKS/SETUP-CDTWEAKS.TP2~ #0 #2281 // Alter Cleric Spell Progression Table -> PnP Table: Beta 5
~CDTWEAKS/SETUP-CDTWEAKS.TP2~ #0 #2300 // Triple-Class HLA Tables: Beta 5
~CDTWEAKS/SETUP-CDTWEAKS.TP2~ #0 #2330 // Remove Delay for Magical Traps (Ardanis/GeN1e): Beta 5
~CDTWEAKS/SETUP-CDTWEAKS.TP2~ #0 #2352 // Alter Multiclass Restrictions -> Install both of the above options: Beta 5
~CDTWEAKS/SETUP-CDTWEAKS.TP2~ #0 #2360 // Remove Racial Restrictions for Single Classes: Beta 5
~CDTWEAKS/SETUP-CDTWEAKS.TP2~ #0 #2380 // Remove Racial Restrictions for Kits: Beta 5
~CDTWEAKS/SETUP-CDTWEAKS.TP2~ #0 #3000 // Higher HP on Level Up -> Maximum: Beta 5
~CDTWEAKS/SETUP-CDTWEAKS.TP2~ #0 #3010 // Maximum HP for NPCs (the bigg) -> For All Creatures in Game: Beta 5
~CDTWEAKS/SETUP-CDTWEAKS.TP2~ #0 #3082 // Increase Ammo Stack Size -> Stacks of 80: Beta 5
~CDTWEAKS/SETUP-CDTWEAKS.TP2~ #0 #3125 // Neutral Characters Make Happy Comments at Mid-Range Reputation: Beta 5
~CDTWEAKS/SETUP-CDTWEAKS.TP2~ #0 #3197 // Alter Hostile Rest Spawns -> Double frequency: Beta 5
~CDTWEAKS/SETUP-CDTWEAKS.TP2~ #0 #4010 // Improved Fate Spirit Summoning: Beta 5
~CDTWEAKS/SETUP-CDTWEAKS.TP2~ #0 #4020 // ToB-Style NPCs: Beta 5
~CDTWEAKS/SETUP-CDTWEAKS.TP2~ #0 #4031 // Consistent Stats: Edwin -> Use BG2 Values: Beta 5
~CDTWEAKS/SETUP-CDTWEAKS.TP2~ #0 #4041 // Consistent Stats: Jaheira -> Use BG2 Values: Beta 5
~CDTWEAKS/SETUP-CDTWEAKS.TP2~ #0 #4050 // Change Jaheira to Neutral Good: Beta 5
~CDTWEAKS/SETUP-CDTWEAKS.TP2~ #0 #4071 // Consistent Stats: Viconia -> Use BG2 Values: Beta 5
~ATWEAKS/SETUP-ATWEAKS.TP2~ #0 #100 // Restore innate infravision to Half-Orc characters: v4.42
~ATWEAKS/SETUP-ATWEAKS.TP2~ #0 #101 // Prevent skeletal and incorporeal undead from being affected by Illithids' Devour Brain attack: v4.42
~ATWEAKS/SETUP-ATWEAKS.TP2~ #0 #104 // PnP Color Spray: v4.42
~ATWEAKS/SETUP-ATWEAKS.TP2~ #0 #105 // PnP Dimension Door: v4.42
~ATWEAKS/SETUP-ATWEAKS.TP2~ #0 #117 // Allow Mages to scribe memorized spells onto scrolls -> Scrolls can only be scribed at inns and strongholds: v4.42
~ATWEAKS/SETUP-ATWEAKS.TP2~ #0 #120 // Restore innate disease immunity to Paladins: v4.42
~ATWEAKS/SETUP-ATWEAKS.TP2~ #0 #130 // Additional racial traits for Dwarves: v4.42
~ATWEAKS/SETUP-ATWEAKS.TP2~ #0 #140 // Additional racial traits for Gnomes: v4.42
~ATWEAKS/SETUP-ATWEAKS.TP2~ #0 #152 // PnP Fiends -> Mod-added fiends are also affected: v4.42
~ATWEAKS/SETUP-ATWEAKS.TP2~ #0 #155 // Further Revised Fiend Summoning: v4.42
~ATWEAKS/SETUP-ATWEAKS.TP2~ #0 #156 // Fiendish gating: v4.42
~ATWEAKS/SETUP-ATWEAKS.TP2~ #0 #160 // PnP Undead: v4.42
~ATWEAKS/SETUP-ATWEAKS.TP2~ #0 #180 // PnP Mephits: v4.42
~ATWEAKS/SETUP-ATWEAKS.TP2~ #0 #185 // PnP Fey creatures: v4.42
~ATWEAKS/SETUP-ATWEAKS.TP2~ #0 #190 // PnP Elementals: v4.42
~ATWEAKS/SETUP-ATWEAKS.TP2~ #0 #191 // Increase the Hit Dice of Elemental Princes: v4.42
~ATWEAKS/SETUP-ATWEAKS.TP2~ #0 #200 // Allow Breach to take down Stoneskin effects applied by items: v4.42
~ATWEAKS/SETUP-ATWEAKS.TP2~ #0 #201 // Instant casting for warrior innates: v4.42
~ATWEAKS/SETUP-ATWEAKS.TP2~ #0 #202 // Revised Bhaalpowers -> Enhance the Bhaalpowers and standardize their casting time: v4.42
~ATWEAKS/SETUP-ATWEAKS.TP2~ #0 #218 // Regain Bhaalpowers in ToB: v4.42
~ATWEAKS/SETUP-ATWEAKS.TP2~ #0 #203 // Make druidic shapeshifting uninterruptable: v4.42
~ATWEAKS/SETUP-ATWEAKS.TP2~ #0 #210 // Restore the Dispel Magic vulnerability to Nishruu and Hakeashars: v4.42
~ATWEAKS/SETUP-ATWEAKS.TP2~ #0 #212 // Make alignment detection spells more accurate: v4.42
~ATWEAKS/SETUP-ATWEAKS.TP2~ #0 #213 // Expanded saving throw bonus tables for Dwarves, Gnomes and Halflings: v4.42
~ATWEAKS/SETUP-ATWEAKS.TP2~ #0 #216 // Bard songs break invisibility -> Only the Jester song breaks invisibility: v4.42
~ATWEAKS/SETUP-ATWEAKS.TP2~ #0 #261 // Altered XP rewards from locks, traps and scrolls -> Improved (lowered) XP rewards from locks, traps and scrolls: v4.42
~ATWEAKS/SETUP-ATWEAKS.TP2~ #0 #270 // Unbiased quest rewards: v4.42
~ATWEAKS/SETUP-ATWEAKS.TP2~ #0 #323 // Use Icewind Dale's Dimension Door animation -> Use IWD animation for spells, retain BG2 animation for other visuals: v4.42
~ATWEAKS/SETUP-ATWEAKS.TP2~ #0 #302 // Change the appearance of the Robe of Vecna: v4.42
~ATWEAKS/SETUP-ATWEAKS.TP2~ #0 #310 // Distinctive creature coloring: v4.42
~ATWEAKS/SETUP-ATWEAKS.TP2~ #0 #315 // Distinctive creature soundsets: v4.42
~ATWEAKS/SETUP-ATWEAKS.TP2~ #0 #502 // Slightly expanded storage capacity for containers -> Manually enter the storage capacity value: v4.42
~ATWEAKS/SETUP-ATWEAKS.TP2~ #0 #510 // Expanded temple services: v4.42
~ATWEAKS/SETUP-ATWEAKS.TP2~ #0 #999 // BG2-style icons for aTweaks content: v4.42
~RANDOMISER/RANDOMISER.TP2~ #0 #500 // Randomly replace the WIS tome normally found in TotSC with one of the 6 available types: proto-7 EET-compatible 1
~RANDOMISER/RANDOMISER.TP2~ #0 #520 // Kangaxx further sealed away: proto-7 EET-compatible 1
~RANDOMISER/RANDOMISER.TP2~ #0 #530 // Randomise scrolls: proto-7 EET-compatible 1
~RANDOMISER/RANDOMISER.TP2~ #0 #540 // Randomise the heads of the Flail of Ages: proto-7 EET-compatible 1
~RANDOMISER/RANDOMISER.TP2~ #0 #560 // More Spell Shield scrolls: proto-7 EET-compatible 1
~RANDOMISER/RANDOMISER.TP2~ #0 #570 // Randomise the appearance of cursed items: proto-7 EET-compatible 1
~RANDOMISER/RANDOMISER.TP2~ #0 #1100 // Randomise items -> Mode 1: Randomise with in-game scripts. No items are lost: proto-7 EET-compatible 1
~RANDOMISER/RANDOMISER.TP2~ #0 #9000 // Cespenar can forge SoA items: proto-7 EET-compatible 1
~RANDOMISER/RANDOMISER.TP2~ #0 #10200 // Remove Protection from Undead scrolls from stores -> All scrolls from 9 out of 10 stores: proto-7 EET-compatible 1
~RANDOMISER/RANDOMISER.TP2~ #0 #10210 // Duergar merchants: proto-7 EET-compatible 1
~RANDOMISER/RANDOMISER.TP2~ #0 #10300 // Prevent Watcher's Keep statues from disappearing: proto-7 EET-compatible 1
~D0TWEAK/SETUP-D0TWEAK.TP2~ #0 #11 // Visual Ioun Stones: 23
~LEVEL1NPCS/LEVEL1NPCS.TP2~ #0 #0 // Nythrun's Level 1 NPCs: List party-joinable NPCs (required to install any NPC components): v1.9
~LEVEL1NPCS/LEVEL1NPCS.TP2~ #0 #1 // Tweak weapon proficiencies for some classes (a la Ashes of Embers and aVENGER's Rogue Rebalancing): v1.9
~LEVEL1NPCS/LEVEL1NPCS.TP2~ #0 #4 // Joinable NPCs more closely match the player character's experience -> On initial joining and rejoining: v1.9
~LEVEL1NPCS/LEVEL1NPCS.TP2~ #0 #60 // Fix BG1 NPC spells and innate abilities: v1.9
~LEVEL1NPCS/LEVEL1NPCS.TP2~ #0 #100 // Update game references to NPC classes/kits: v1.9
~LEVEL1NPCS/LEVEL1NPCS.TP2~ #0 #230 // Change Anomen's knighthood reward/penalty -> Wisdom +1 on passing; Wisdom -1 on failing: v1.9
~M7MULTIKIT/M7MULTIKIT.TP2~ #0 #10 // Core Multikit Files: v0.27.8
~TB#TWEAKS/TB#TWEAKS.TP2~ #0 #300 // Drop Weapons in Panic Effect Removal.: TB#Tweaks, V 2.61
~TB#TWEAKS/TB#TWEAKS.TP2~ #0 #2050 // Improved Difficulty System. -> Serious dialogue (recommended).: TB#Tweaks, V 2.61
~TB#TWEAKS/TB#TWEAKS.TP2~ #0 #3600 // WSPATCK for all (Taimon) -> Everybody gets ApR from proficiency, only Warriors from level: TB#Tweaks, V 2.61
~1PP/1PP.TP2~ #0 #101 // 1ppv4: Core paperdolls
~1PP/1PP.TP2~ #0 #103 // 1ppv4: Extended palette entries -> Full install (recommended)
~1PP/1PP.TP2~ #0 #105 // 1ppv4: Avatar fixes
~1PP/1PP.TP2~ #0 #106 // 1ppv4: Female Dwarves -> Separate Avatars for Female Dwarves - Baldur's Gate II
~1PP/1PP.TP2~ #0 #111 // 1ppv4: Thieves Galore -> BGII - Unique Thief Avatars
~1PP/1PP.TP2~ #0 #113 // 1ppv4: Smart Avatar & Armour Switching
~1PP/1PP.TP2~ #0 #200 // 1ppv4: Core content patches
~1PP/1PP.TP2~ #0 #201 // 1ppv4: Consistent spell and scroll icons
~1PP/1PP.TP2~ #0 #203 // 1ppv4: Restored flame sword animations
~1PP/1PP.TP2~ #0 #204 // 1ppv4: Colourable Quarterstaves
~1PP/1PP.TP2~ #0 #205 // 1ppv4: Legacy Shields
~1PP/1PP.TP2~ #0 #206 // 1ppv4: Additional Shield Animations (core)
~1PP/1PP.TP2~ #0 #207 // 1ppv4: Wizards' Staves (core)
~1PP/1PP.TP2~ #0 #210 // 1ppv4: Increased paperdoll object variety (core)
~1PP/1PP.TP2~ #0 #401 // 1ppv4: Improved projectile effects
~1PP/1PP.TP2~ #0 #300 // 1ppv4: Fixed animations for solars and elementals
~1PP/1PP.TP2~ #0 #301 // 1ppv4: Miscellaneous content fixes
~SETUP-BP-BGT_WORLDMAP.TP2~ #0 #0 // Worldmap for Baldur's Gate - including colored Baldur's Gate map icons: v10.1
~SETUP-BP-BGT_WORLDMAP.TP2~ #0 #1 // Worldmap for Throne of Bhaal -> Use new Worldmap for Throne of Bhaal as well: v10.1
~WIDESCREEN/WIDESCREEN.TP2~ #0 #0 // Widescreen Mod -> for the original Infinity Engine (CHOOSE THIS!): Widescreen Mod v3.07
~JIMFIX/SETUP-JIMFIX.TP2~ #0 #3 // Fix Smarter Abazigal: v2.1
~JIMFIX/SETUP-JIMFIX.TP2~ #0 #4 // Fix Smarter Irenicus at the Throne: v2.1
~JIMFIX/SETUP-JIMFIX.TP2~ #0 #5 // Remove entourage from Ascension Fallen Solars: v2.1
~JIMFIX/SETUP-JIMFIX.TP2~ #0 #100 // Check for and fix incorrect spell animations: v2.1
~JIMFIX/SETUP-JIMFIX.TP2~ #0 #201 // Add spell school notifications to the combat log -> All spells with a casting time greater than 1: v2.1
~JIMFIX/SETUP-JIMFIX.TP2~ #0 #300 // Add expiration notifications for buffs: v2.1
~FREEACT/SETUP-FREEACT.TP2~ #0 #10 // PnP Free Action: v2
~FREEACT/SETUP-FREEACT.TP2~ #0 #50 // Update spell and item descriptions: v2
~GENERALIZED_BIFFING/GENERALIZED_BIFFING.TP2~ #0 #0 // Generalized Biffing: v2.2
