// Log of Currently Installed WeiDU Mods
// The top of the file is the 'oldest' mod
// ~TP2_File~ #language_number #component_number // [Subcomponent Name -> ] Component Name [ : Version]
~ASCENSION/SETUP-ASCENSION.TP2~ #0 #0 // Ascension v1.41 (requires ToB)
~ASCENSION/SETUP-ASCENSION.TP2~ #0 #1 // Tougher Abazigal (optional, requires ToB)
~ASCENSION/SETUP-ASCENSION.TP2~ #0 #2 // Original Tougher Demogorgon (optional, requires ToB)
~ASCENSION/SETUP-ASCENSION.TP2~ #0 #3 // Tougher Gromnir (optional, requires ToB)
~ASCENSION/SETUP-ASCENSION.TP2~ #0 #4 // Tougher Illasera (optional, requires ToB)
~ASCENSION/SETUP-ASCENSION.TP2~ #0 #5 // Tougher Yaga-Shura (optional, requires ToB)
~TOBEX/TOBEX.TP2~ #0 #100 // TobEx - Core: Beta 0025
~TOBEX/TOBEX.TP2~ #0 #101 // Apply Concentration Check On Damage [WIP]: Beta 0025
~TOBEX/TOBEX.TP2~ #0 #102 // Awaken On Damage: Beta 0025
~TOBEX/TOBEX.TP2~ #0 #103 // Blindness As Spell Description: Beta 0025
~TOBEX/TOBEX.TP2~ #0 #105 // No Spell Interruption On Zero Damage: Beta 0025
~TOBEX/TOBEX.TP2~ #0 #106 // Use Caster Level On Mirror Image [C]: Beta 0025
~TOBEX/TOBEX.TP2~ #0 #107 // Allow All Races to Dual Class: Beta 0025
~TOBEX/TOBEX.TP2~ #0 #109 // Disable Experience Boost: Beta 0025
~TOBEX/TOBEX.TP2~ #0 #111 // Disable Silence On Charm: Beta 0025
~TOBEX/TOBEX.TP2~ #0 #113 // Remain Hidden On Pickpocket Success [C]: Beta 0025
~TOBEX/TOBEX.TP2~ #0 #114 // Rest Spawns Advance Time: Beta 0025
~TOBEX/TOBEX.TP2~ #0 #115 // Dialogue Greeting Subtitles: Beta 0025
~TOBEX/TOBEX.TP2~ #0 #116 // Enable Animation Attack Sounds: Beta 0025
~TOBEX/TOBEX.TP2~ #0 #117 // Universal Four Inventory Weapon Slots: Beta 0025
~TOBEX/TOBEX.TP2~ #0 #118 // Subtitles For Standard Soundsets: Beta 0025
~TOBEX/TOBEX.TP2~ #0 #119 // Remove all race-class restrictions: Beta 0025
~TOBEX/TOBEX.TP2~ #0 #120 // Drop Inventory on Disintegrate: Beta 0025
~TOBEX/TOBEX.TP2~ #0 #121 // Drop Inventory on Frozen Death: Beta 0025
~TOBEX/TOBEX.TP2~ #0 #122 // Drop Inventory on Stone Death: Beta 0025
~TOBEX/TOBEX.TP2~ #0 #124 // Make All Attack Animations Genuine Attacks: Beta 0025
~BG2FIXPACK/SETUP-BG2FIXPACK.TP2~ #0 #0 // BG2 Fixpack - Core Fixes: v10
~BG2FIXPACK/SETUP-BG2FIXPACK.TP2~ #0 #1000 // BG2 Fixpack - Game Text Update -> GTU Light (by Wisp): v10
~BG2FIXPACK/SETUP-BG2FIXPACK.TP2~ #0 #3 // BETA Core Fixes (please check the readme!): v10
~BG2FIXPACK/SETUP-BG2FIXPACK.TP2~ #0 #100 // Party Gets XP for Sending Keldorn to Reconcile With Maria: v10
~BG2FIXPACK/SETUP-BG2FIXPACK.TP2~ #0 #101 // Improved Spell Animations: v10
~BG2FIXPACK/SETUP-BG2FIXPACK.TP2~ #0 #102 // Cromwell's Forging Actually Takes a Day: v10
~BG2FIXPACK/SETUP-BG2FIXPACK.TP2~ #0 #103 // Mixed-Use Dagger Fixes: v10
~BG2FIXPACK/SETUP-BG2FIXPACK.TP2~ #0 #104 // Ghreyfain's Holy Symbol Fixes: v10
~BG2FIXPACK/SETUP-BG2FIXPACK.TP2~ #0 #106 // Giants Receive Penalties When Attacking Halflings,    Dwarves, and Gnomes: v10
~BG2FIXPACK/SETUP-BG2FIXPACK.TP2~ #0 #107 // Remove Dual-Classing Restriction from Archers    and Stalkers: v10
~BG2FIXPACK/SETUP-BG2FIXPACK.TP2~ #0 #108 // Remove Second Attribute Bonus for Evil Path in   Wrath Hell Trial: v10
~BG2FIXPACK/SETUP-BG2FIXPACK.TP2~ #0 #110 // Additional Script Fixes: v10
~BG2FIXPACK/SETUP-BG2FIXPACK.TP2~ #0 #111 // Bard Song Fixes: v10
~BG2FIXPACK/SETUP-BG2FIXPACK.TP2~ #0 #112 // Wizard Slayers Cause Miscast Magic on Ranged Attacks: v10
~BG2FIXPACK/SETUP-BG2FIXPACK.TP2~ #0 #113 // Additional Alignment Fixes: v10
~BG2FIXPACK/SETUP-BG2FIXPACK.TP2~ #0 #114 // Change Free Action to Protect Against Stun: v10
~BG2FIXPACK/SETUP-BG2FIXPACK.TP2~ #0 #115 // Paws from Shapeshifting Can Not Be Dispelled: v10
~BGT/SETUP-BGT.TP2~ #0 #0 // Baldur's Gate Trilogy - Core: 1.18 (28 Apr 13)
~SETUP-BGTMUSIC.TP2~ #0 #2 // Baldur's Gate Trilogy - Music -> Full Baldur's Gate/Shadows of Amn/Throne of Bhaal Music (WARNING: patches BGMain.exe)
~SETUP-GUI.TP2~ #0 #2 // Game Graphical User Interface (GUI) -> "Baldur's Gate Trilogy" (Elminster wielding staff)
~THALAN/THALAN.TP2~ #0 #0 // Thalantyr - Item Upgrade: v4.2.1
~WHEELS/SETUP-WHEELS.TP2~ #0 #0 // The Wheels of Prophecy: v3
~QUESTPACK/SETUP-QUESTPACK.TP2~ #0 #0 // General AI Improvements: v3.1
~QUESTPACK/SETUP-QUESTPACK.TP2~ #0 #2 // Creature & Area Improvements -> All Creature Improvements: v3.1
~QUESTPACK/SETUP-QUESTPACK.TP2~ #0 #4 // Miscellaneous Enhancements -> With Additional Random Encounters: v3.1
~QUESTPACK/SETUP-QUESTPACK.TP2~ #0 #5 // Additional Shadow Thieves Content: v3.1
~QUESTPACK/SETUP-QUESTPACK.TP2~ #0 #6 // Alternative Harper/Xzar Plot: v3.1
~QUESTPACK/SETUP-QUESTPACK.TP2~ #0 #7 // Extended Reynald Sequence: v3.1
~QUESTPACK/SETUP-QUESTPACK.TP2~ #0 #8 // Intrigue In The Copper Coronet: v3.1
~QUESTPACK/SETUP-QUESTPACK.TP2~ #0 #9 // Rahul Kanakia's Potion Quest: v3.1
~QUESTPACK/SETUP-QUESTPACK.TP2~ #0 #10 // Revised Hell Trials: v3.1
~QUESTPACK/SETUP-QUESTPACK.TP2~ #0 #11 // Improved Oasis II -> IO2 Dialogue & Combat Enhancement: v3.1
~QUESTPACK/SETUP-QUESTPACK.TP2~ #0 #13 // Saving Sanik In Brynnlaw: v3.1
~QUESTPACK/SETUP-QUESTPACK.TP2~ #0 #14 // Burglary Of The Bookkeeper: v3.1
~QUESTPACK/SETUP-QUESTPACK.TP2~ #0 #15 // New Fate For The Dryads' Acorns: v3.1
~QUESTPACK/SETUP-QUESTPACK.TP2~ #0 #16 // The Tragedy Of Besamen: v3.1
~QUESTPACK/SETUP-QUESTPACK.TP2~ #0 #17 // Further Slaver Involvement: v3.1
~QUESTPACK/SETUP-QUESTPACK.TP2~ #0 #18 // Sending The Solamnic Knights Home: v3.1
~QUESTPACK/SETUP-QUESTPACK.TP2~ #0 #19 // Nazariel The Lich: v3.1
~QUESTPACK/SETUP-QUESTPACK.TP2~ #0 #20 // Reward Negotiation: v3.1
~QUESTPACK/SETUP-QUESTPACK.TP2~ #0 #21 // Infernal Thievery: v3.1
~ERG_SILVER_STAFF/ERG_SILVER_STAFF.TP2~ #0 #0 // Erg's Silver Staff: v8
~NPC_STRONGHOLDS/SETUP-NPC_STRONGHOLDS.TP2~ #0 #0 // NPC Strongholds: v2
~SETUP-ITEMUPGRADE.TP2~ #0 #10 // Shadows Of Amn Item Upgrades -> Revised consistency plus version: v40
~SETUP-ITEMUPGRADE.TP2~ #0 #11 // Throne Of Bhaal Item Upgrades -> Revised consistency plus version: v40
~POLYTWEAK/POLYTWEAK.TP2~ #0 #900 // PnP mace of disruption: v2.00
~CELESTIALS/SETUP-CELESTIALS.TP2~ #0 #0 // PnP Celestials: v6
~IWDIFICATION/SETUP-IWDIFICATION.TP2~ #0 #20 // Commoners Use Drab Colors: Beta 2
~IWDIFICATION/SETUP-IWDIFICATION.TP2~ #0 #50 // IWD Bard Song: Beta 2
~DIVINE_REMIX/SETUP-DIVINE_REMIX.TP2~ #0 #0 // Divine Remix Core Components (Required for Everything): v7
~DIVINE_REMIX/SETUP-DIVINE_REMIX.TP2~ #0 #100 // Cleric Remix: v7
~DIVINE_REMIX/SETUP-DIVINE_REMIX.TP2~ #0 #103 // Install Silverstar of Selune Cleric Kit: v7
~DIVINE_REMIX/SETUP-DIVINE_REMIX.TP2~ #0 #106 // Install Nightcloak of Shar Cleric Kit: v7
~DIVINE_REMIX/SETUP-DIVINE_REMIX.TP2~ #0 #107 // Install Holy Strategist of the Red Knight Cleric Kit: v7
~DIVINE_REMIX/SETUP-DIVINE_REMIX.TP2~ #0 #109 // Install Battleguard of Tempus Cleric Kit: v7
~DIVINE_REMIX/SETUP-DIVINE_REMIX.TP2~ #0 #112 // Install Painbearer of Ilmater Cleric Kit: v7
~DIVINE_REMIX/SETUP-DIVINE_REMIX.TP2~ #0 #115 // Install Firewalker of Kossuth Cleric Kit: v7
~DIVINE_REMIX/SETUP-DIVINE_REMIX.TP2~ #0 #118 // Install Authlim of Iyachtu Xvim Cleric Kit: v7
~DIVINE_REMIX/SETUP-DIVINE_REMIX.TP2~ #0 #121 // Install Lorekeeper of Oghma Cleric Kit: v7
~DIVINE_REMIX/SETUP-DIVINE_REMIX.TP2~ #0 #124 // Install Heartwarder of Sune Cleric Kit: v7
~DIVINE_REMIX/SETUP-DIVINE_REMIX.TP2~ #0 #127 // Install Feywarden of Corellon Cleric Kit: v7
~DIVINE_REMIX/SETUP-DIVINE_REMIX.TP2~ #0 #130 // Install Strifeleader of Cyric Cleric Kit: v7
~DIVINE_REMIX/SETUP-DIVINE_REMIX.TP2~ #0 #200 // Druid Remix: v7
~DIVINE_REMIX/SETUP-DIVINE_REMIX.TP2~ #0 #203 // Install Oozemaster Druid kit: v7
~DIVINE_REMIX/SETUP-DIVINE_REMIX.TP2~ #0 #403 // Install Bowslinger Ranger Kit: v7
~DIVINE_REMIX/SETUP-DIVINE_REMIX.TP2~ #0 #406 // Install Feralan Ranger Kit: v7
~DIVINE_REMIX/SETUP-DIVINE_REMIX.TP2~ #0 #409 // Install Forest Runner Ranger Kit: v7
~DIVINE_REMIX/SETUP-DIVINE_REMIX.TP2~ #0 #412 // Install Justifier Ranger Kit: v7
~DIVINE_REMIX/SETUP-DIVINE_REMIX.TP2~ #0 #415 // Install Wilderness Runner Ranger Kit: v7
~SONG_AND_SILENCE/SETUP-SONG_AND_SILENCE.TP2~ #0 #0 // Changes to trueclass bards and thieves, and unmodded game kits (required for other components): v6
~SONG_AND_SILENCE/SETUP-SONG_AND_SILENCE.TP2~ #0 #1 // Add new bardic store and thief items: v6
~SONG_AND_SILENCE/SETUP-SONG_AND_SILENCE.TP2~ #0 #2 // Install Acrobat bard kit: v6
~SONG_AND_SILENCE/SETUP-SONG_AND_SILENCE.TP2~ #0 #3 // Install Chorister bard kit: v6
~SONG_AND_SILENCE/SETUP-SONG_AND_SILENCE.TP2~ #0 #4 // Install Dirgesinger bard kit: v6
~SONG_AND_SILENCE/SETUP-SONG_AND_SILENCE.TP2~ #0 #5 // Install Gypsy bard kit: v6
~SONG_AND_SILENCE/SETUP-SONG_AND_SILENCE.TP2~ #0 #6 // Install Adventurer thief kit: v6
~SONG_AND_SILENCE/SETUP-SONG_AND_SILENCE.TP2~ #0 #7 // Install Burglar thief kit: v6
~SONG_AND_SILENCE/SETUP-SONG_AND_SILENCE.TP2~ #0 #8 // Install Soulknife thief kit: v6
~SONG_AND_SILENCE/SETUP-SONG_AND_SILENCE.TP2~ #0 #9 // Install Sharpshooter thief kit: v6
~SONG_AND_SILENCE/SETUP-SONG_AND_SILENCE.TP2~ #0 #10 // Install Shadowdancer thief kit: v6
~RR/SETUP-RR.TP2~ #0 #0 // Proper dual-wielding implementation for Thieves and Bards: v4.80
~RR/SETUP-RR.TP2~ #0 #1 // Thief kit revisions: v4.80
~RR/SETUP-RR.TP2~ #0 #2 // Thief High Level Ability revisions: v4.80
~RR/SETUP-RR.TP2~ #0 #3 // Proper racial adjustments for thieving skills: v4.80
~RR/SETUP-RR.TP2~ #0 #4 // Bard kit revisions: v4.80
~RR/SETUP-RR.TP2~ #0 #5 // Bard High Level Ability revisions: v4.80
~RR/SETUP-RR.TP2~ #0 #6 // Proper spell progression for Bards: v4.80
~RR/SETUP-RR.TP2~ #0 #7 // Additional equipment for Thieves and Bards: v4.80
~RR/SETUP-RR.TP2~ #0 #8 // Upgradeable Equipment: v4.80
~RR/SETUP-RR.TP2~ #0 #9 // Revised Thievery -> Use PnP thievery potions and prevent their effects from stacking: v4.80
~RR/SETUP-RR.TP2~ #0 #11 // Chosen of Cyric encounter: v4.80
~RR/SETUP-RR.TP2~ #0 #12 // Shadow Thief Improvements: v4.80
~RR/SETUP-RR.TP2~ #0 #999 // BG2-style icons for RR content: v4.80
~OVERSIGHT/SETUP-OVERSIGHT.TP2~ #0 #1 // Alignment Correction: 13
~OVERSIGHT/SETUP-OVERSIGHT.TP2~ #0 #2 // Class Tweaks/Fixes: 13
~OVERSIGHT/SETUP-OVERSIGHT.TP2~ #0 #3 // Altered Spells: 13
~OVERSIGHT/SETUP-OVERSIGHT.TP2~ #0 #4 // Improved Continuity: 13
~OVERSIGHT/SETUP-OVERSIGHT.TP2~ #0 #5 // Cleric Kits: 13
~OVERSIGHT/SETUP-OVERSIGHT.TP2~ #0 #6 // Monk High Level Abilities: 13
~OVERSIGHT/SETUP-OVERSIGHT.TP2~ #0 #7 // Holy Liberator: 13
~SETUP-TACTICS.TP2~ #0 #0 // Improved Ilyich (requires ToB)
~SETUP-TACTICS.TP2~ #0 #1 // The Ritual (requires ToB)
~SETUP-TACTICS.TP2~ #0 #5 // Improved Irenicus
~SETUP-TACTICS.TP2~ #0 #6 // Improved Guarded Compound in the Temple District
~SETUP-TACTICS.TP2~ #0 #7 // Improved Twisted Rune
~SETUP-TACTICS.TP2~ #0 #8 // "Kuroisan", the Acid Kensai
~SETUP-TACTICS.TP2~ #0 #9 // "Red Badge" Poison-Based Encounter
~SETUP-TACTICS.TP2~ #0 #11 // Gebhard Blucher's Lich in the Docks
~SETUP-TACTICS.TP2~ #0 #13 // Kensai Ryu's Tougher Kangaxx and Guardians
~SETUP-TACTICS.TP2~ #0 #14 // Kensai Ryu's Gnome Fighter/Illusionist in the Docks
~SETUP-TACTICS.TP2~ #0 #15 // Kensai Ryu's Improved Crypt King
~SETUP-TACTICS.TP2~ #0 #26 // Fighter-Class Archer Kit
~SETUP-TACTICS.TP2~ #0 #27 // Anti-Paladin Kit
~SETUP-TACTICS.TP2~ #0 #31 // Mike Barnes' Improved Small Teeth Pass
~SETUP-TACTICS.TP2~ #0 #32 // Mike Barnes' Improved North Forest
~SETUP-TACTICS.TP2~ #0 #33 // Mike Barnes' Marching Mountains
~SETUP-TACTICS.TP2~ #0 #36 // Tougher Fire Giants
~WSR/SETUP-WSR.TP2~ #0 #100 // Wizard Slayer kit revision: v1.12
~WSR/SETUP-WSR.TP2~ #0 #200 // Wizard Slayer High Level Ability revision: v1.12
~WSR/SETUP-WSR.TP2~ #0 #302 // Revised Wizard Slayer item restrictions -> Moderate changes: v1.12
~WSR/SETUP-WSR.TP2~ #0 #999 // BG2-style icons for WSR content: v1.12
~NO-LOW-LVL.TP2~ #0 #100 // If a .cre with a PC class is < level 5, put it at a higher level: v1.1
~STRATAGEMS/SETUP-STRATAGEMS.TP2~ #0 #1000 // Initialise mod (all other components require this): v30
~STRATAGEMS/SETUP-STRATAGEMS.TP2~ #0 #1901 // Standardise spells: BG1 vs BG2 -> Introduce BG2 spell scrolls into BG1: v30
~STRATAGEMS/SETUP-STRATAGEMS.TP2~ #0 #1910 // Protection from Normal Missiles also blocks Arrows of Fire/Cold/Acid and similar projectiles without pluses: v30
~STRATAGEMS/SETUP-STRATAGEMS.TP2~ #0 #2000 // Allow Spellstrike to take down a Protection from Magic scroll: v30
~STRATAGEMS/SETUP-STRATAGEMS.TP2~ #0 #2010 // More consistent Breach spell (always affects liches and rakshasas; doesn't penetrate Spell Turning): v30
~STRATAGEMS/SETUP-STRATAGEMS.TP2~ #0 #2030 // Iron Skins behaves like Stoneskin (can be brought down by Breach): v30
~STRATAGEMS/SETUP-STRATAGEMS.TP2~ #0 #2060 // Revert Greater Restoration back to only affecting one creature: v30
~STRATAGEMS/SETUP-STRATAGEMS.TP2~ #0 #2070 // Blade Barrier and Globe of Blades only affect hostile creatures: v30
~STRATAGEMS/SETUP-STRATAGEMS.TP2~ #0 #2090 // Make Power-Word: Blind single-target: v30
~STRATAGEMS/SETUP-STRATAGEMS.TP2~ #0 #2100 // Make Minute Meteors into +2 weapons: v30
~STRATAGEMS/SETUP-STRATAGEMS.TP2~ #0 #2110 // Reduce the power of Inquisitors' Dispel Magic -> Inquisitors dispel at 1.5 x their level (not twice their level): v30
~STRATAGEMS/SETUP-STRATAGEMS.TP2~ #0 #2120 // Slightly weaken insect plague spells, and let fire shields block them: v30
~STRATAGEMS/SETUP-STRATAGEMS.TP2~ #0 #2140 // Slightly increase the power of Mantle, Improved Mantle, and Absolute Immunity: v30
~STRATAGEMS/SETUP-STRATAGEMS.TP2~ #0 #2150 // Make spell sequencers, spell triggers, and contingencies learnable by all mages: v30
~STRATAGEMS/SETUP-STRATAGEMS.TP2~ #0 #2170 // True Sight/True Seeing spells protect from magical blindness: v30
~STRATAGEMS/SETUP-STRATAGEMS.TP2~ #0 #3010 // Replace +1 arrows with nonmagical "fine" ones: v30
~STRATAGEMS/SETUP-STRATAGEMS.TP2~ #0 #3022 // Replace many +1 magical weapons with Fine ones -> Fine weapons are affected by the iron crisis: v30
~STRATAGEMS/SETUP-STRATAGEMS.TP2~ #0 #3030 // Re-introduce potions of extra-healing: v30
~STRATAGEMS/SETUP-STRATAGEMS.TP2~ #0 #3041 // Reduce the number of Arrows of Dispelling in stores -> Stores sell a maximum of 5 Arrows of Dispelling: v30
~STRATAGEMS/SETUP-STRATAGEMS.TP2~ #0 #3060 // Remove the invisibility power of the Staff of the Magi: v30
~STRATAGEMS/SETUP-STRATAGEMS.TP2~ #0 #3070 // Move Vhailor's Helm into Throne of Bhaal: v30
~STRATAGEMS/SETUP-STRATAGEMS.TP2~ #0 #3110 // Change Carsomyr so that its Dispel on contact power grants a saving throw: v30
~STRATAGEMS/SETUP-STRATAGEMS.TP2~ #0 #4000 // Faster Bears: v30
~STRATAGEMS/SETUP-STRATAGEMS.TP2~ #0 #4010 // Grant large, flying, non-solid or similar creatures protection from Web and Entangle: v30
~STRATAGEMS/SETUP-STRATAGEMS.TP2~ #0 #4020 // More realistic wolves and wild dogs: v30
~STRATAGEMS/SETUP-STRATAGEMS.TP2~ #0 #4030 // Improved shapeshifting: v30
~STRATAGEMS/SETUP-STRATAGEMS.TP2~ #0 #4052 // Decrease the rate at which reputation improves -> Reputation increases at about 1/3 the normal rate: v30
~STRATAGEMS/SETUP-STRATAGEMS.TP2~ #0 #4110 // Allow NPC pairs to separate: v30
~STRATAGEMS/SETUP-STRATAGEMS.TP2~ #0 #4120 // NPCs go to inns: v30
~STRATAGEMS/SETUP-STRATAGEMS.TP2~ #0 #4130 // Move NPCs to more convenient locations: v30
~STRATAGEMS/SETUP-STRATAGEMS.TP2~ #0 #4145 // Skip the Candlekeep tutorial sections -> Remove the tutorial NPCs from Candlekeep: v30
~STRATAGEMS/SETUP-STRATAGEMS.TP2~ #0 #4150 // Allow the Cowled Wizards to detect spellcasting in most indoor, above-ground areas in Athkatla: v30
~STRATAGEMS/SETUP-STRATAGEMS.TP2~ #0 #4164 // Increase the price of a license to practise magic in Athkatla -> License costs 50,000 gp: v30
~STRATAGEMS/SETUP-STRATAGEMS.TP2~ #0 #4174 // Increase the price asked by Gaelan Bayle -> Gaelan wants 120,000 gold pieces: v30
~STRATAGEMS/SETUP-STRATAGEMS.TP2~ #0 #4200 // Retrieve Dropped Items from Hell: v30
~STRATAGEMS/SETUP-STRATAGEMS.TP2~ #0 #4210 // Randomise the maze in Watcher's Keep: v30
~STRATAGEMS/SETUP-STRATAGEMS.TP2~ #0 #4215 // Remove unrealistically helpful items from certain areas: v30
~STRATAGEMS/SETUP-STRATAGEMS.TP2~ #0 #4218 // Remove unrealistically convenient ammunition from certain areas -> Remove all ammo from random containers: v30
~STRATAGEMS/SETUP-STRATAGEMS.TP2~ #0 #4230 // Delay the arrival of the "bonus merchants" in the Adventurers' Mart and the Copper Coronet: v30
~STRATAGEMS/SETUP-STRATAGEMS.TP2~ #0 #5010 // Move Boo into Minsc's pack: v30
~STRATAGEMS/SETUP-STRATAGEMS.TP2~ #0 #5060 // Ensure Shar-Teel doesn't die in the original challenge: v30
~STRATAGEMS/SETUP-STRATAGEMS.TP2~ #0 #5900 // Initialise AI components (required for all tactical and AI components): v30
~STRATAGEMS/SETUP-STRATAGEMS.TP2~ #0 #6000 // Smarter general AI: v30
~STRATAGEMS/SETUP-STRATAGEMS.TP2~ #0 #6010 // Better calls for help: v30
~STRATAGEMS/SETUP-STRATAGEMS.TP2~ #0 #6023 // Add high-level abilities (HLAs) to spellcasters -> All eligible spellcasters in Throne of Bhaal get HLAs; only selected casters in Shadows of Amn do: v30
~STRATAGEMS/SETUP-STRATAGEMS.TP2~ #0 #6030 // Smarter Mages -> Mages cast some short-duration spells instantly at start of combat, to simulate pre-battle casting: v30
~STRATAGEMS/SETUP-STRATAGEMS.TP2~ #0 #6040 // Smarter Priests -> Priests cast some short-duration spells instantly at start of combat, to simulate pre-battle casting: v30
~STRATAGEMS/SETUP-STRATAGEMS.TP2~ #0 #6102 // Potions for NPCs -> Half the potions dropped by slain enemies break and are lost: v30
~STRATAGEMS/SETUP-STRATAGEMS.TP2~ #0 #6200 // Improved Spiders: v30
~STRATAGEMS/SETUP-STRATAGEMS.TP2~ #0 #6300 // Smarter sirines and dryads: v30
~STRATAGEMS/SETUP-STRATAGEMS.TP2~ #0 #6310 // Slightly harder carrion crawlers: v30
~STRATAGEMS/SETUP-STRATAGEMS.TP2~ #0 #6320 // Smarter basilisks: v30
~STRATAGEMS/SETUP-STRATAGEMS.TP2~ #0 #6500 // Improved golems: v30
~STRATAGEMS/SETUP-STRATAGEMS.TP2~ #0 #6510 // Improved fiends -> Fiends have about 50 percent more hit points than normal: v30
~STRATAGEMS/SETUP-STRATAGEMS.TP2~ #0 #6520 // Smarter genies -> Genies have about 50 percent more hit points than normal: v30
~STRATAGEMS/SETUP-STRATAGEMS.TP2~ #0 #6530 // Smarter celestials -> Celestials have about 50 percent more hit points than normal: v30
~STRATAGEMS/SETUP-STRATAGEMS.TP2~ #0 #6540 // Smarter dragons -> Dragons have a substantial hit point increase: v30
~STRATAGEMS/SETUP-STRATAGEMS.TP2~ #0 #6551 // Smarter beholders -> Don't give beholder rays any chance of burning through spell protections; beholder antimagic blocks all spells, including harmful ones, for a round (simulates D&D rules): v30
~STRATAGEMS/SETUP-STRATAGEMS.TP2~ #0 #6561 // Smarter mind flayers -> Illithids have enhanced damage resistance; Illithids can see through invisibility (matches Tactics mod): v30
~STRATAGEMS/SETUP-STRATAGEMS.TP2~ #0 #6570 // Smarter githyanki: v30
~STRATAGEMS/SETUP-STRATAGEMS.TP2~ #0 #6580 // Improved Vampires: v30
~STRATAGEMS/SETUP-STRATAGEMS.TP2~ #0 #6800 // Smarter Illasera: v30
~STRATAGEMS/SETUP-STRATAGEMS.TP2~ #0 #6810 // Smarter Gromnir: v30
~STRATAGEMS/SETUP-STRATAGEMS.TP2~ #0 #6820 // Smarter Yaga-Shura: v30
~STRATAGEMS/SETUP-STRATAGEMS.TP2~ #0 #6830 // Smarter Abazigal: v30
~STRATAGEMS/SETUP-STRATAGEMS.TP2~ #0 #6840 // Give Ascension versions of Irenicus and Sendai SCS scripts and abilities: v30
~STRATAGEMS/SETUP-STRATAGEMS.TP2~ #0 #6850 // Give Ascension demons SCS scripts and abilities: v30
~STRATAGEMS/SETUP-STRATAGEMS.TP2~ #0 #7000 // Improved doppelgangers: v30
~STRATAGEMS/SETUP-STRATAGEMS.TP2~ #0 #7010 // Tougher Black Talons and Iron Throne guards: v30
~STRATAGEMS/SETUP-STRATAGEMS.TP2~ #0 #7020 // Improved deployment for parties of assassins: v30
~STRATAGEMS/SETUP-STRATAGEMS.TP2~ #0 #7030 // Dark Side-based kobold upgrade: v30
~STRATAGEMS/SETUP-STRATAGEMS.TP2~ #0 #7040 // Relocated bounty hunters: v30
~STRATAGEMS/SETUP-STRATAGEMS.TP2~ #0 #7050 // Improved Ulcaster: v30
~STRATAGEMS/SETUP-STRATAGEMS.TP2~ #0 #7060 // Improved Balduran's Isle: v30
~STRATAGEMS/SETUP-STRATAGEMS.TP2~ #0 #7070 // Improved Durlag's Tower: v30
~STRATAGEMS/SETUP-STRATAGEMS.TP2~ #0 #7080 // Improved Demon Cultists: v30
~STRATAGEMS/SETUP-STRATAGEMS.TP2~ #0 #7090 // Improved Cloakwood Druids: v30
~STRATAGEMS/SETUP-STRATAGEMS.TP2~ #0 #7100 // Improved Bassilus: v30
~STRATAGEMS/SETUP-STRATAGEMS.TP2~ #0 #7110 // Improved Drasus party: v30
~STRATAGEMS/SETUP-STRATAGEMS.TP2~ #0 #7130 // Improved Red Wizards: v30
~STRATAGEMS/SETUP-STRATAGEMS.TP2~ #0 #7140 // Improved Undercity party: v30
~STRATAGEMS/SETUP-STRATAGEMS.TP2~ #0 #7200 // Tougher chapter-two end battle: v30
~STRATAGEMS/SETUP-STRATAGEMS.TP2~ #0 #7210 // Tougher chapter-three end battle: v30
~STRATAGEMS/SETUP-STRATAGEMS.TP2~ #0 #7220 // Tougher chapter-four end battle: v30
~STRATAGEMS/SETUP-STRATAGEMS.TP2~ #0 #7230 // Tougher chapter-five end battle: v30
~STRATAGEMS/SETUP-STRATAGEMS.TP2~ #0 #7250 // Improved final battle: v30
~STRATAGEMS/SETUP-STRATAGEMS.TP2~ #0 #7900 // Improved minor encounters: v30
~STRATAGEMS/SETUP-STRATAGEMS.TP2~ #0 #8000 // Make the starting dungeon slightly harder: v30
~STRATAGEMS/SETUP-STRATAGEMS.TP2~ #0 #8010 // Improved Shade Lord: v30
~STRATAGEMS/SETUP-STRATAGEMS.TP2~ #0 #8020 // Spellcasting Demiliches: v30
~STRATAGEMS/SETUP-STRATAGEMS.TP2~ #0 #8030 // More resilient trolls: v30
~STRATAGEMS/SETUP-STRATAGEMS.TP2~ #0 #8042 // Increase difficulty of level-dependent monster groupings -> Almost-maximum difficulty (maximum for everything except liches): v30
~STRATAGEMS/SETUP-STRATAGEMS.TP2~ #0 #8050 // Improved Random Encounters: v30
~STRATAGEMS/SETUP-STRATAGEMS.TP2~ #0 #8061 // Improved de'Arnise Keep ("Tactics Remix") -> Enhanced spirit trolls (as in Tactics): v30
~STRATAGEMS/SETUP-STRATAGEMS.TP2~ #0 #8070 // Improved Unseeing Eye: v30
~STRATAGEMS/SETUP-STRATAGEMS.TP2~ #0 #8081 // Improved Bodhi (Tactics Remix) -> Original Tactics Improved Bodhi with SCSII scripting: v30
~STRATAGEMS/SETUP-STRATAGEMS.TP2~ #0 #8090 // Party's items are taken from them in Spellhold: v30
~STRATAGEMS/SETUP-STRATAGEMS.TP2~ #0 #8100 // Improved battle with Irenicus in Spellhold: v30
~STRATAGEMS/SETUP-STRATAGEMS.TP2~ #0 #8110 // Improved Sahuagin: v30
~STRATAGEMS/SETUP-STRATAGEMS.TP2~ #0 #8120 // Improved Beholder hive (adapted from Quest Pack): v30
~STRATAGEMS/SETUP-STRATAGEMS.TP2~ #0 #8130 // Prevent resting in the Illithid city: v30
~STRATAGEMS/SETUP-STRATAGEMS.TP2~ #0 #8140 // Slightly Improved Drow -> Upgrade Ust Natha's defences: v30
~STRATAGEMS/SETUP-STRATAGEMS.TP2~ #0 #8150 // Slightly Improved Watcher's Keep: v30
~STRATAGEMS/SETUP-STRATAGEMS.TP2~ #0 #8160 // Improved Fire Giant temple: v30
~STRATAGEMS/SETUP-STRATAGEMS.TP2~ #0 #8170 // Enhanced Sendai's Enclave: v30
~STRATAGEMS/SETUP-STRATAGEMS.TP2~ #0 #8180 // Improved Abazigal's Lair: v30
~STRATAGEMS/SETUP-STRATAGEMS.TP2~ #0 #8190 // Improved Minor Encounters: v30
~BGTTWEAK/SETUP-BGTTWEAK.TP2~ #0 #100 // Eldoth reminds of Skie's ransom: 11 (5 Feb 12)
~BGTTWEAK/SETUP-BGTTWEAK.TP2~ #0 #400 // Add Semaj's Cloak and Upgraded Koveras' Ring of Protection: 11 (5 Feb 12)
~BGTTWEAK/SETUP-BGTTWEAK.TP2~ #0 #500 // Major locations explored upon visit: 11 (5 Feb 12)
~BGTTWEAK/SETUP-BGTTWEAK.TP2~ #0 #600 // Druid/Ranger-responsive bears in BG1: 11 (5 Feb 12)
~BGTTWEAK/SETUP-BGTTWEAK.TP2~ #0 #702 // Happy patch -> Only good and evil NPCs leave the party: 11 (5 Feb 12)
~BGTTWEAK/SETUP-BGTTWEAK.TP2~ #0 #800 // Import more items into Shadows of Amn  (WARNING: This can be considered a cheat): 11 (5 Feb 12)
~BGTTWEAK/SETUP-BGTTWEAK.TP2~ #0 #902 // Random activated traps in the pirate cave -> Game-time randomisation: 11 (5 Feb 12)
~BGTTWEAK/SETUP-BGTTWEAK.TP2~ #0 #1101 // Altered spawns -> TuTu-style levelled spawns: 11 (5 Feb 12)
~BGTTWEAK/SETUP-BGTTWEAK.TP2~ #0 #1200 // Arkion reacts to player's reputation: 11 (5 Feb 12)
~BGTTWEAK/SETUP-BGTTWEAK.TP2~ #0 #1300 // Coran responds to the death of a wyvern: 11 (5 Feb 12)
~BGTTWEAK/SETUP-BGTTWEAK.TP2~ #0 #1400 // More bandit scalps: 11 (5 Feb 12)
~BGTTWEAK/SETUP-BGTTWEAK.TP2~ #0 #1502 // Altered item shattering -> Make armor and shields shatter: 11 (5 Feb 12)
~BGTTWEAK/SETUP-BGTTWEAK.TP2~ #0 #1800 // Import more NPCs into Shadow of Amn: Alora: 11 (5 Feb 12)
~BGTTWEAK/SETUP-BGTTWEAK.TP2~ #0 #1801 // Import more NPCs into Shadow of Amn: Branwen: 11 (5 Feb 12)
~BGTTWEAK/SETUP-BGTTWEAK.TP2~ #0 #1802 // Import more NPCs into Shadow of Amn: Eldoth: 11 (5 Feb 12)
~BGTTWEAK/SETUP-BGTTWEAK.TP2~ #0 #1803 // Import more NPCs into Shadow of Amn: Kagain: 11 (5 Feb 12)
~BGTTWEAK/SETUP-BGTTWEAK.TP2~ #0 #1804 // Import more NPCs into Shadow of Amn: Kivan: 11 (5 Feb 12)
~BGTTWEAK/SETUP-BGTTWEAK.TP2~ #0 #1805 // Import more NPCs into Shadow of Amn: Sharteel: 11 (5 Feb 12)
~BGTTWEAK/SETUP-BGTTWEAK.TP2~ #0 #1806 // Import more NPCs into Shadow of Amn: Skie: 11 (5 Feb 12)
~BGTTWEAK/SETUP-BGTTWEAK.TP2~ #0 #1807 // Import more NPCs into Shadow of Amn: Xan: 11 (5 Feb 12)
~BGTTWEAK/SETUP-BGTTWEAK.TP2~ #0 #1808 // Import more NPCs into Shadow of Amn: Yeslick: 11 (5 Feb 12)
~BGTTWEAK/SETUP-BGTTWEAK.TP2~ #0 #2002 // Protagonist's biography modifications -> Set BG2 biography upon Shadows of Amn transition: 11 (5 Feb 12)
~BGTTWEAK/SETUP-BGTTWEAK.TP2~ #0 #2100 // Exotic Weapons For Taerom: 11 (5 Feb 12)
~BGTTWEAK/SETUP-BGTTWEAK.TP2~ #0 #2400 // Enemy items shatter: 11 (5 Feb 12)
~BGTTWEAK/SETUP-BGTTWEAK.TP2~ #0 #2500 // Access Ulgoth's Beard west of Wyrm's Crossing only: 11 (5 Feb 12)
~BGTTWEAK/SETUP-BGTTWEAK.TP2~ #0 #2600 // Prevent access to Durlag's Tower from adjacent areas: 11 (5 Feb 12)
~BGTTWEAK/SETUP-BGTTWEAK.TP2~ #0 #2700 // Put Sword of Chaos +2 in Sarevok's inventory: 11 (5 Feb 12)
~BGTTWEAK/SETUP-BGTTWEAK.TP2~ #0 #2800 // Reputation Resets at Beginning of BG2: 11 (5 Feb 12)
~BG2_TWEAKS/SETUP-BG2_TWEAKS.TP2~ #0 #110 // Icon Improvements: v16
~BG2_TWEAKS/SETUP-BG2_TWEAKS.TP2~ #0 #120 // Change Avatar When Wearing Robes or  Armor (Galactygon): v16
~BG2_TWEAKS/SETUP-BG2_TWEAKS.TP2~ #0 #140 // Fix Boo's Squeak: v16
~BG2_TWEAKS/SETUP-BG2_TWEAKS.TP2~ #0 #1010 // More Interjections: v16
~BG2_TWEAKS/SETUP-BG2_TWEAKS.TP2~ #0 #1020 // Alter HP Triggers for NPC Wounded Dialogues: v16
~BG2_TWEAKS/SETUP-BG2_TWEAKS.TP2~ #0 #1035 // Make Cloakwood Areas Available Before Completing the Bandit Camp -> First Area Only: v16
~BG2_TWEAKS/SETUP-BG2_TWEAKS.TP2~ #0 #1040 // Improved Athkatlan City Guard: v16
~BG2_TWEAKS/SETUP-BG2_TWEAKS.TP2~ #0 #1050 // Gradual Drow Item Disintegration: v16
~BG2_TWEAKS/SETUP-BG2_TWEAKS.TP2~ #0 #1070 // Improved Multi-Player Kick-out Dialogues: v16
~BG2_TWEAKS/SETUP-BG2_TWEAKS.TP2~ #0 #1090 // Exotic Item Pack: v16
~BG2_TWEAKS/SETUP-BG2_TWEAKS.TP2~ #0 #1140 // Gems and Potions Require Identification: v16
~BG2_TWEAKS/SETUP-BG2_TWEAKS.TP2~ #0 #1170 // Bonus Merchants (Baldurdash): v16
~BG2_TWEAKS/SETUP-BG2_TWEAKS.TP2~ #0 #1180 // Female Edwina: v16
~BG2_TWEAKS/SETUP-BG2_TWEAKS.TP2~ #0 #1220 // Allow Cromwell to Upgrade Watcher's Keep Items: v16
~BG2_TWEAKS/SETUP-BG2_TWEAKS.TP2~ #0 #1230 // Allow Cespenar to Use Cromwell Recipes: v16
~BG2_TWEAKS/SETUP-BG2_TWEAKS.TP2~ #0 #2040 // Universal Clubs: v16
~BG2_TWEAKS/SETUP-BG2_TWEAKS.TP2~ #0 #2090 // Change Experience Point Cap -> Remove Experience Cap: v16
~BG2_TWEAKS/SETUP-BG2_TWEAKS.TP2~ #0 #2100 // Allow Thieving and Stealth in Heavy Armor: v16
~BG2_TWEAKS/SETUP-BG2_TWEAKS.TP2~ #0 #2140 // Expanded Dual-Class Options: v16
~BG2_TWEAKS/SETUP-BG2_TWEAKS.TP2~ #0 #2150 // Wear Multiple Protection Items -> P&P Restrictions: v16
~BG2_TWEAKS/SETUP-BG2_TWEAKS.TP2~ #0 #2170 // Cast Spells from Scrolls (and Other Items)   at Character Level: v16
~BG2_TWEAKS/SETUP-BG2_TWEAKS.TP2~ #0 #2192 // Limit Ability of Storekeepers to Identify Items -> Hybrid of Both Methods: v16
~BG2_TWEAKS/SETUP-BG2_TWEAKS.TP2~ #0 #2200 // Multi-Class Grandmastery (Weimer): v16
~BG2_TWEAKS/SETUP-BG2_TWEAKS.TP2~ #0 #2210 // True Grandmastery (Baldurdash): v16
~BG2_TWEAKS/SETUP-BG2_TWEAKS.TP2~ #0 #2220 // Change Magically Created Weapons to Zero Weight: v16
~BG2_TWEAKS/SETUP-BG2_TWEAKS.TP2~ #0 #2240 // Un-Nerfed THAC0 Table: v16
~BG2_TWEAKS/SETUP-BG2_TWEAKS.TP2~ #0 #2300 // Triple-Class HLA Tables: v16
~BG2_TWEAKS/SETUP-BG2_TWEAKS.TP2~ #0 #2312 // Add Save Penalties for Spells Cast by High-Level Casters (BETA) -> Arcane & Divine Magic: v16
~BG2_TWEAKS/SETUP-BG2_TWEAKS.TP2~ #0 #2330 // Remove Delay for Magical Traps (Ardanis/GeN1e): v16
~BG2_TWEAKS/SETUP-BG2_TWEAKS.TP2~ #0 #2352 // Alter Multiclass Restrictions -> Install both of the above options: v16
~BG2_TWEAKS/SETUP-BG2_TWEAKS.TP2~ #0 #2371 // Alter Dual-class Restrictions -> Allow non-humans to dual-class: v16
~BG2_TWEAKS/SETUP-BG2_TWEAKS.TP2~ #0 #2380 // Remove Racial Restrictions for Kits: v16
~BG2_TWEAKS/SETUP-BG2_TWEAKS.TP2~ #0 #3000 // Higher HP on Level Up -> Maximum: v16
~BG2_TWEAKS/SETUP-BG2_TWEAKS.TP2~ #0 #3010 // Maximum HP for NPCs (the bigg) -> For All Creatures in Game: v16
~BG2_TWEAKS/SETUP-BG2_TWEAKS.TP2~ #0 #3125 // Neutral Characters Make Happy Comments at   Mid-Range Reputation: v16
~BG2_TWEAKS/SETUP-BG2_TWEAKS.TP2~ #0 #4000 // Adjust Evil joinable NPC reaction rolls: v16
~BG2_TWEAKS/SETUP-BG2_TWEAKS.TP2~ #0 #4010 // Improved Fate Spirit Summoning: v16
~BG2_TWEAKS/SETUP-BG2_TWEAKS.TP2~ #0 #4020 // ToB-Style NPCs: v16
~BG2_TWEAKS/SETUP-BG2_TWEAKS.TP2~ #0 #4031 // Consistent Stats: Edwin -> Use BG2 Values: v16
~BG2_TWEAKS/SETUP-BG2_TWEAKS.TP2~ #0 #4041 // Consistent Stats: Jaheira -> Use BG2 Values: v16
~BG2_TWEAKS/SETUP-BG2_TWEAKS.TP2~ #0 #4050 // Change Jaheira to Neutral Good: v16
~BG2_TWEAKS/SETUP-BG2_TWEAKS.TP2~ #0 #4061 // Consistent Stats: Minsc -> Use BG2 Values: v16
~BG2_TWEAKS/SETUP-BG2_TWEAKS.TP2~ #0 #4071 // Consistent Stats: Viconia -> Use BG2 Values: v16
~BG2_TWEAKS/SETUP-BG2_TWEAKS.TP2~ #0 #4100 // Change Korgan to Neutral Evil: v16
~ATWEAKS/SETUP-ATWEAKS.TP2~ #0 #100 // Restore innate infravision to Half-Orc characters: v4.32
~ATWEAKS/SETUP-ATWEAKS.TP2~ #0 #101 // Prevent skeletal and incorporeal undead from being affected by Illithids' Devour Brain attack: v4.32
~ATWEAKS/SETUP-ATWEAKS.TP2~ #0 #102 // Change Spiritual Hammer into a ranged force weapon: v4.32
~ATWEAKS/SETUP-ATWEAKS.TP2~ #0 #103 // Allow Dispel/Remove Magic to take down Globes of Invulnerability: v4.32
~ATWEAKS/SETUP-ATWEAKS.TP2~ #0 #104 // PnP Color Spray: v4.32
~ATWEAKS/SETUP-ATWEAKS.TP2~ #0 #105 // PnP Dimension Door: v4.32
~ATWEAKS/SETUP-ATWEAKS.TP2~ #0 #110 // Magical arrows and bolts deal bonus damage equal to their enchantment level: v4.32
~ATWEAKS/SETUP-ATWEAKS.TP2~ #0 #117 // Allow Mages to scribe memorized spells onto scrolls -> Scrolls can only be scribed at inns and strongholds: v4.32
~ATWEAKS/SETUP-ATWEAKS.TP2~ #0 #120 // Restore innate disease immunity to Paladins: v4.32
~ATWEAKS/SETUP-ATWEAKS.TP2~ #0 #130 // Additional racial traits for Dwarves: v4.32
~ATWEAKS/SETUP-ATWEAKS.TP2~ #0 #140 // Additional racial traits for Gnomes: v4.32
~ATWEAKS/SETUP-ATWEAKS.TP2~ #0 #152 // PnP Fiends -> Mod-added fiends are also affected: v4.32
~ATWEAKS/SETUP-ATWEAKS.TP2~ #0 #155 // Further Revised Fiend Summoning: v4.32
~ATWEAKS/SETUP-ATWEAKS.TP2~ #0 #156 // Fiendish gating: v4.32
~ATWEAKS/SETUP-ATWEAKS.TP2~ #0 #160 // PnP Undead: v4.32
~ATWEAKS/SETUP-ATWEAKS.TP2~ #0 #180 // PnP Mephits: v4.32
~ATWEAKS/SETUP-ATWEAKS.TP2~ #0 #185 // PnP Fey creatures: v4.32
~ATWEAKS/SETUP-ATWEAKS.TP2~ #0 #186 // Revised Call Woodland Beings spell: v4.32
~ATWEAKS/SETUP-ATWEAKS.TP2~ #0 #190 // PnP Elementals: v4.32
~ATWEAKS/SETUP-ATWEAKS.TP2~ #0 #191 // Increase the Hit Dice of Elemental Princes: v4.32
~ATWEAKS/SETUP-ATWEAKS.TP2~ #0 #200 // Allow Breach to take down Stoneskin effects applied by items: v4.32
~ATWEAKS/SETUP-ATWEAKS.TP2~ #0 #201 // Instant casting for warrior innates: v4.32
~ATWEAKS/SETUP-ATWEAKS.TP2~ #0 #202 // Revised Bhaalpowers -> Enhance the Bhaalpowers and standardize their casting time: v4.32
~ATWEAKS/SETUP-ATWEAKS.TP2~ #0 #218 // Regain Bhaalpowers in ToB: v4.32
~ATWEAKS/SETUP-ATWEAKS.TP2~ #0 #204 // Prevent Mislead clones from singing Bard songs: v4.32
~ATWEAKS/SETUP-ATWEAKS.TP2~ #0 #211 // Make Death Ward protect against Vorpal Hits: v4.32
~ATWEAKS/SETUP-ATWEAKS.TP2~ #0 #210 // Restore the Dispel Magic vulnerability to Nishruu and Hakeashars: v4.32
~ATWEAKS/SETUP-ATWEAKS.TP2~ #0 #212 // Make alignment detection spells more accurate: v4.32
~ATWEAKS/SETUP-ATWEAKS.TP2~ #0 #213 // Expanded saving throw bonus tables for Dwarves, Gnomes and Halflings: v4.32
~ATWEAKS/SETUP-ATWEAKS.TP2~ #0 #216 // Bard songs break invisibility -> Only the Jester song breaks invisibility: v4.32
~ATWEAKS/SETUP-ATWEAKS.TP2~ #0 #261 // Altered XP rewards from locks, traps and scrolls -> Improved (lowered) XP rewards from locks, traps and scrolls: v4.32
~ATWEAKS/SETUP-ATWEAKS.TP2~ #0 #270 // Unbiased quest rewards: v4.32
~ATWEAKS/SETUP-ATWEAKS.TP2~ #0 #323 // Use Icewind Dale's Dimension Door animation -> Use IWD animation for spells, retain BG2 animation for other visuals: v4.32
~ATWEAKS/SETUP-ATWEAKS.TP2~ #0 #302 // Change the appearance of the Robe of Vecna: v4.32
~ATWEAKS/SETUP-ATWEAKS.TP2~ #0 #310 // Distinctive creature coloring: v4.32
~ATWEAKS/SETUP-ATWEAKS.TP2~ #0 #315 // Distinctive creature soundsets: v4.32
~ATWEAKS/SETUP-ATWEAKS.TP2~ #0 #502 // Slightly expanded storage capacity for containers -> Manually enter the storage capacity value: v4.32
~ATWEAKS/SETUP-ATWEAKS.TP2~ #0 #510 // Expanded temple services: v4.32
~ATWEAKS/SETUP-ATWEAKS.TP2~ #0 #999 // BG2-style icons for aTweaks content: v4.32
~RANDOMISER/RANDOMISER.TP2~ #0 #500 // Randomly replace the WIS tome normally found in TotSC with one of the 6 available types: proto-7 EET-compatible 1
~RANDOMISER/RANDOMISER.TP2~ #0 #520 // Kangaxx further sealed away: proto-7 EET-compatible 1
~RANDOMISER/RANDOMISER.TP2~ #0 #530 // Randomise scrolls: proto-7 EET-compatible 1
~RANDOMISER/RANDOMISER.TP2~ #0 #540 // Randomise the heads of the Flail of Ages: proto-7 EET-compatible 1
~RANDOMISER/RANDOMISER.TP2~ #0 #560 // More Spell Shield scrolls: proto-7 EET-compatible 1
~RANDOMISER/RANDOMISER.TP2~ #0 #570 // Randomise the appearance of cursed items: proto-7 EET-compatible 1
~RANDOMISER/RANDOMISER.TP2~ #0 #1100 // Randomise items -> Mode 1: Randomise with in-game scripts. No items are lost: proto-7 EET-compatible 1
~RANDOMISER/RANDOMISER.TP2~ #0 #10200 // Remove Protection from Undead scrolls from stores -> All scrolls from 9 out of 10 stores: proto-7 EET-compatible 1
~RANDOMISER/RANDOMISER.TP2~ #0 #10210 // Duergar merchants: proto-7 EET-compatible 1
~RANDOMISER/RANDOMISER.TP2~ #0 #10300 // Prevent Watcher's Keep statues from disappearing: proto-7 EET-compatible 1
~HARDTIMES/SETUP-HARDTIMES.TP2~ #0 #0 // Hard Times v2 (BGT): 2.4 (BGT)
~HARDTIMES/SETUP-HARDTIMES.TP2~ #0 #1 // Hard Times: Ulcaster School Encounter: 2.4 (BGT)
~LEVEL1NPCS/LEVEL1NPCS.TP2~ #0 #0 // Nythrun's Level 1 NPCs: List party-joinable NPCs  (required to install any NPC components): v1.9
~LEVEL1NPCS/LEVEL1NPCS.TP2~ #0 #1 // Tweak weapon proficiencies for some classes  (a la Ashes of Embers and aVENGER's Rogue Rebalancing): v1.9
~LEVEL1NPCS/LEVEL1NPCS.TP2~ #0 #210 // Change Anomen's knighthood reward/penalty -> Wisdom +1 on passing; Constitution +1 on failing: v1.9
~TB#TWEAKS/TB#TWEAKS.TP2~ #0 #300 // Drop Weapons in Panic Effect Removal.: TB#Tweaks, V 2.61
~TB#TWEAKS/TB#TWEAKS.TP2~ #0 #2050 // Improved Difficulty System. -> Serious dialogue (recommended).: TB#Tweaks, V 2.61
~TB#TWEAKS/TB#TWEAKS.TP2~ #0 #3600 // WSPATCK for all (Taimon) -> Everybody gets ApR from proficiency, only Warriors from level: TB#Tweaks, V 2.61
~LEVEL1NPCS/LEVEL1NPCS.TP2~ #0 #1201 // Aerie: v1.9
~LEVEL1NPCS/LEVEL1NPCS.TP2~ #0 #1218 // Ajantis Ilvastarr: v1.9
~LEVEL1NPCS/LEVEL1NPCS.TP2~ #0 #1219 // Alora: v1.9
~LEVEL1NPCS/LEVEL1NPCS.TP2~ #0 #1202 // Anomen Delryn: v1.9
~LEVEL1NPCS/LEVEL1NPCS.TP2~ #0 #1220 // Branwen: v1.9
~LEVEL1NPCS/LEVEL1NPCS.TP2~ #0 #1203 // Cernd: v1.9
~LEVEL1NPCS/LEVEL1NPCS.TP2~ #0 #1221 // Coran: v1.9
~LEVEL1NPCS/LEVEL1NPCS.TP2~ #0 #1222 // Dynaheir: v1.9
~LEVEL1NPCS/LEVEL1NPCS.TP2~ #0 #1204 // Edwin Odesseiron: v1.9
~LEVEL1NPCS/LEVEL1NPCS.TP2~ #0 #1223 // Eldoth Kron: v1.9
~LEVEL1NPCS/LEVEL1NPCS.TP2~ #0 #1224 // Faldorn: v1.9
~LEVEL1NPCS/LEVEL1NPCS.TP2~ #0 #1225 // Garrick: v1.9
~LEVEL1NPCS/LEVEL1NPCS.TP2~ #0 #1205 // Haer'Dalis: v1.9
~LEVEL1NPCS/LEVEL1NPCS.TP2~ #0 #1206 // Imoen: v1.9
~LEVEL1NPCS/LEVEL1NPCS.TP2~ #0 #1207 // Jaheira: v1.9
~LEVEL1NPCS/LEVEL1NPCS.TP2~ #0 #1208 // Jan Jansen: v1.9
~LEVEL1NPCS/LEVEL1NPCS.TP2~ #0 #1226 // Kagain: v1.9
~LEVEL1NPCS/LEVEL1NPCS.TP2~ #0 #1209 // Keldorn Firecam: v1.9
~LEVEL1NPCS/LEVEL1NPCS.TP2~ #0 #1227 // Khalid: v1.9
~LEVEL1NPCS/LEVEL1NPCS.TP2~ #0 #1228 // Kivan: v1.9
~LEVEL1NPCS/LEVEL1NPCS.TP2~ #0 #1210 // Korgan Bloodaxe: v1.9
~LEVEL1NPCS/LEVEL1NPCS.TP2~ #0 #1211 // Mazzy Fenton: v1.9
~LEVEL1NPCS/LEVEL1NPCS.TP2~ #0 #1212 // Minsc: v1.9
~LEVEL1NPCS/LEVEL1NPCS.TP2~ #0 #1229 // Montaron: v1.9
~LEVEL1NPCS/LEVEL1NPCS.TP2~ #0 #1213 // Nalia De'Arnise: v1.9
~LEVEL1NPCS/LEVEL1NPCS.TP2~ #0 #1230 // Quayle: v1.9
~LEVEL1NPCS/LEVEL1NPCS.TP2~ #0 #1231 // Safana: v1.9
~LEVEL1NPCS/LEVEL1NPCS.TP2~ #0 #1217 // Sarevok Anchev: v1.9
~LEVEL1NPCS/LEVEL1NPCS.TP2~ #0 #1232 // Shar-Teel Dosan: v1.9
~LEVEL1NPCS/LEVEL1NPCS.TP2~ #0 #1233 // Skie Silvershield: v1.9
~LEVEL1NPCS/LEVEL1NPCS.TP2~ #0 #1234 // Tiax: v1.9
~LEVEL1NPCS/LEVEL1NPCS.TP2~ #0 #1214 // Valygar Corthala: v1.9
~LEVEL1NPCS/LEVEL1NPCS.TP2~ #0 #1215 // Viconia De'Vir: v1.9
~LEVEL1NPCS/LEVEL1NPCS.TP2~ #0 #1235 // Xan: v1.9
~LEVEL1NPCS/LEVEL1NPCS.TP2~ #0 #1236 // Xzar: v1.9
~LEVEL1NPCS/LEVEL1NPCS.TP2~ #0 #1237 // Yeslick Orothiar: v1.9
~LEVEL1NPCS/LEVEL1NPCS.TP2~ #0 #1216 // Yoshimo: v1.9
~M7MULTIKIT/M7MULTIKIT.TP2~ #0 #10 // Core Multikit Files: v0.27.2
~SETUP-BP-BGT_WORLDMAP.TP2~ #0 #0 // Worldmap for Baldur's Gate - including colored Baldur's Gate map icons: v10.1
~SETUP-BP-BGT_WORLDMAP.TP2~ #0 #1 // Worldmap for Throne of Bhaal -> Use new Worldmap for Throne of Bhaal as well: v10.1
~WIDESCREEN/WIDESCREEN.TP2~ #0 #0 // Widescreen Mod -> for the original Infinity Engine (CHOOSE THIS!): Widescreen Mod v3.07
~1PP/1PP.TP2~ #0 #103 // 1ppv4: Extended palette entries -> Full install (recommended)
~1PP/1PP.TP2~ #0 #114 // 1ppv4: Softer Spell Effects
~1PP/1PP.TP2~ #0 #201 // 1ppv4: Consistent spell and scroll icons
~1PP/1PP.TP2~ #0 #202 // 1ppv4: Spell tweaks
~1PP/1PP.TP2~ #0 #401 // 1ppv4: Improved projectile effects
~1PP/1PP.TP2~ #0 #113 // 1ppv4: Smart Avatar & Armour Switching
~1PP/1PP.TP2~ #0 #300 // 1ppv4: Fixed animations for solars and elementals
~GENERALIZED_BIFFING/GENERALIZED_BIFFING.TP2~ #0 #0 // Generalized Biffing: v2.2
~./M7MULTIKIT/MULTIKITS.TP2~ #0 #0 // 'Berserker / Battleguard of Tempus' multikit: v0.27.2
~./M7MULTIKIT/MULTIKITS.TP2~ #0 #1 // 'Wizard Slayer / Enchanter / Bounty Hunter' multikit: v0.27.2
